SF:C:\Sources\github\DuckDB.NET\DuckDB.NET.Bindings\DuckDBDateOnly.cs
FN:25,System.Int32 DuckDB.NET.Native.DuckDBDateOnly::get_Year()
FNDA:0,System.Int32 DuckDB.NET.Native.DuckDBDateOnly::get_Year()
DA:26,0
FN:27,System.Byte DuckDB.NET.Native.DuckDBDateOnly::get_Month()
FNDA:0,System.Byte DuckDB.NET.Native.DuckDBDateOnly::get_Month()
DA:28,0
FN:29,System.Byte DuckDB.NET.Native.DuckDBDateOnly::get_Day()
FNDA:0,System.Byte DuckDB.NET.Native.DuckDBDateOnly::get_Day()
DA:30,0
FN:36,System.Boolean DuckDB.NET.Native.DuckDBDateOnly::get_IsInfinity()
FNDA:0,System.Boolean DuckDB.NET.Native.DuckDBDateOnly::get_IsInfinity()
DA:37,0
BRDA:37,6,0,0
BRDA:37,6,1,0
FN:41,System.Boolean DuckDB.NET.Native.DuckDBDateOnly::get_IsPositiveInfinity()
FNDA:0,System.Boolean DuckDB.NET.Native.DuckDBDateOnly::get_IsPositiveInfinity()
DA:42,0
FN:46,System.Boolean DuckDB.NET.Native.DuckDBDateOnly::get_IsNegativeInfinity()
FNDA:0,System.Boolean DuckDB.NET.Native.DuckDBDateOnly::get_IsNegativeInfinity()
DA:47,0
FN:48,DuckDB.NET.Native.DuckDBDateOnly DuckDB.NET.Native.DuckDBDateOnly::FromDateTime(System.DateTime)
FNDA:0,DuckDB.NET.Native.DuckDBDateOnly DuckDB.NET.Native.DuckDBDateOnly::FromDateTime(System.DateTime)
DA:49,0
FN:50,System.DateTime DuckDB.NET.Native.DuckDBDateOnly::ToDateTime()
FNDA:0,System.DateTime DuckDB.NET.Native.DuckDBDateOnly::ToDateTime()
DA:51,0
FN:52,DuckDB.NET.Native.DuckDBDateOnly DuckDB.NET.Native.DuckDBDateOnly::FromDateOnly(System.DateOnly)
FNDA:0,DuckDB.NET.Native.DuckDBDateOnly DuckDB.NET.Native.DuckDBDateOnly::FromDateOnly(System.DateOnly)
DA:53,0
FN:54,System.DateOnly DuckDB.NET.Native.DuckDBDateOnly::ToDateOnly()
FNDA:0,System.DateOnly DuckDB.NET.Native.DuckDBDateOnly::ToDateOnly()
DA:55,0
FN:61,DuckDB.NET.Native.DuckDBDateOnly DuckDB.NET.Native.DuckDBDateOnly::FromDuckDBDate(DuckDB.NET.Native.DuckDBDate)
FNDA:0,DuckDB.NET.Native.DuckDBDateOnly DuckDB.NET.Native.DuckDBDateOnly::FromDuckDBDate(DuckDB.NET.Native.DuckDBDate)
DA:62,0
DA:63,0
DA:64,0
DA:65,0
DA:67,0
BRDA:62,7,0,0
BRDA:62,7,1,0
BRDA:64,22,0,0
BRDA:64,22,1,0
FN:74,DuckDB.NET.Native.DuckDBDate DuckDB.NET.Native.DuckDBDateOnly::ToDuckDBDate()
FNDA:0,DuckDB.NET.Native.DuckDBDate DuckDB.NET.Native.DuckDBDateOnly::ToDuckDBDate()
DA:75,0
DA:76,0
DA:77,0
DA:78,0
DA:80,0
BRDA:75,6,0,0
BRDA:75,6,1,0
BRDA:77,20,0,0
BRDA:77,20,1,0
FN:82,System.DateTime DuckDB.NET.Native.DuckDBDateOnly::op_Explicit(DuckDB.NET.Native.DuckDBDateOnly)
FNDA:0,System.DateTime DuckDB.NET.Native.DuckDBDateOnly::op_Explicit(DuckDB.NET.Native.DuckDBDateOnly)
DA:83,0
FN:84,DuckDB.NET.Native.DuckDBDateOnly DuckDB.NET.Native.DuckDBDateOnly::op_Explicit(System.DateTime)
FNDA:0,DuckDB.NET.Native.DuckDBDateOnly DuckDB.NET.Native.DuckDBDateOnly::op_Explicit(System.DateTime)
DA:85,0
FN:86,System.DateOnly DuckDB.NET.Native.DuckDBDateOnly::op_Implicit(DuckDB.NET.Native.DuckDBDateOnly)
FNDA:0,System.DateOnly DuckDB.NET.Native.DuckDBDateOnly::op_Implicit(DuckDB.NET.Native.DuckDBDateOnly)
DA:87,0
FN:88,DuckDB.NET.Native.DuckDBDateOnly DuckDB.NET.Native.DuckDBDateOnly::op_Implicit(System.DateOnly)
FNDA:0,DuckDB.NET.Native.DuckDBDateOnly DuckDB.NET.Native.DuckDBDateOnly::op_Implicit(System.DateOnly)
DA:89,0
FN:8,System.Void DuckDB.NET.Native.DuckDBDateOnly::.cctor()
FNDA:0,System.Void DuckDB.NET.Native.DuckDBDateOnly::.cctor()
DA:9,0
DA:10,0
DA:11,0
DA:12,0
DA:13,0
DA:14,0
DA:19,0
DA:20,0
DA:21,0
DA:22,0
DA:23,0
DA:24,0
DA:32,0
LF:37
LH:0
BRF:10
BRH:0
FNF:17
FNH:0
end_of_record
SF:C:\Sources\github\DuckDB.NET\DuckDB.NET.Bindings\DuckDBDecimal.cs
FN:5,System.Byte DuckDB.NET.Native.DuckDBDecimal::get_Width()
FNDA:0,System.Byte DuckDB.NET.Native.DuckDBDecimal::get_Width()
DA:6,0
FN:6,System.Byte DuckDB.NET.Native.DuckDBDecimal::get_Scale()
FNDA:0,System.Byte DuckDB.NET.Native.DuckDBDecimal::get_Scale()
DA:7,0
FN:8,DuckDB.NET.Native.DuckDBHugeInt DuckDB.NET.Native.DuckDBDecimal::get_Value()
FNDA:0,DuckDB.NET.Native.DuckDBHugeInt DuckDB.NET.Native.DuckDBDecimal::get_Value()
DA:9,0
LF:3
LH:0
BRF:0
BRH:0
FNF:3
FNH:0
end_of_record
SF:C:\Sources\github\DuckDB.NET\DuckDB.NET.Bindings\DuckDBHugeInt.cs
FN:9,System.Numerics.BigInteger DuckDB.NET.Native.DuckDBHugeInt::get_HugeIntMinValue()
FNDA:0,System.Numerics.BigInteger DuckDB.NET.Native.DuckDBHugeInt::get_HugeIntMinValue()
DA:10,0
FN:10,System.Numerics.BigInteger DuckDB.NET.Native.DuckDBHugeInt::get_HugeIntMaxValue()
FNDA:0,System.Numerics.BigInteger DuckDB.NET.Native.DuckDBHugeInt::get_HugeIntMaxValue()
DA:11,0
FN:37,System.UInt64 DuckDB.NET.Native.DuckDBHugeInt::get_Lower()
FNDA:0,System.UInt64 DuckDB.NET.Native.DuckDBHugeInt::get_Lower()
DA:38,0
FN:38,System.Int64 DuckDB.NET.Native.DuckDBHugeInt::get_Upper()
FNDA:0,System.Int64 DuckDB.NET.Native.DuckDBHugeInt::get_Upper()
DA:39,0
FN:42,System.Numerics.BigInteger DuckDB.NET.Native.DuckDBHugeInt::ToBigInteger()
FNDA:0,System.Numerics.BigInteger DuckDB.NET.Native.DuckDBHugeInt::ToBigInteger()
DA:43,0
FN:14,System.Void DuckDB.NET.Native.DuckDBHugeInt::.ctor(System.Numerics.BigInteger)
FNDA:0,System.Void DuckDB.NET.Native.DuckDBHugeInt::.ctor(System.Numerics.BigInteger)
DA:15,0
DA:17,0
DA:20,0
DA:22,0
DA:24,0
DA:25,0
DA:28,0
DA:29,0
DA:30,0
BRDA:15,11,0,0
BRDA:15,11,1,0
BRDA:15,24,0,0
BRDA:15,24,1,0
BRDA:22,129,0,0
BRDA:22,129,1,0
FN:33,System.Void DuckDB.NET.Native.DuckDBHugeInt::.ctor(System.UInt64,System.Int64)
FNDA:0,System.Void DuckDB.NET.Native.DuckDBHugeInt::.ctor(System.UInt64,System.Int64)
DA:34,0
DA:35,0
DA:36,0
FN:7,System.Void DuckDB.NET.Native.DuckDBHugeInt::.cctor()
FNDA:0,System.Void DuckDB.NET.Native.DuckDBHugeInt::.cctor()
DA:8,0
FN:51,System.Numerics.BigInteger DuckDB.NET.Native.DuckDBUHugeInt::get_HugeIntMinValue()
FNDA:0,System.Numerics.BigInteger DuckDB.NET.Native.DuckDBUHugeInt::get_HugeIntMinValue()
DA:52,0
FN:52,System.Numerics.BigInteger DuckDB.NET.Native.DuckDBUHugeInt::get_HugeIntMaxValue()
FNDA:0,System.Numerics.BigInteger DuckDB.NET.Native.DuckDBUHugeInt::get_HugeIntMaxValue()
DA:53,0
FN:73,System.UInt64 DuckDB.NET.Native.DuckDBUHugeInt::get_Lower()
FNDA:0,System.UInt64 DuckDB.NET.Native.DuckDBUHugeInt::get_Lower()
DA:74,0
FN:74,System.UInt64 DuckDB.NET.Native.DuckDBUHugeInt::get_Upper()
FNDA:0,System.UInt64 DuckDB.NET.Native.DuckDBUHugeInt::get_Upper()
DA:75,0
FN:78,System.Numerics.BigInteger DuckDB.NET.Native.DuckDBUHugeInt::ToBigInteger()
FNDA:0,System.Numerics.BigInteger DuckDB.NET.Native.DuckDBUHugeInt::ToBigInteger()
DA:79,0
FN:56,System.Void DuckDB.NET.Native.DuckDBUHugeInt::.ctor(System.Numerics.BigInteger)
FNDA:0,System.Void DuckDB.NET.Native.DuckDBUHugeInt::.ctor(System.Numerics.BigInteger)
DA:57,0
DA:59,0
DA:62,0
DA:64,0
DA:65,0
DA:66,0
BRDA:57,11,0,0
BRDA:57,11,1,0
BRDA:57,24,0,0
BRDA:57,24,1,0
FN:69,System.Void DuckDB.NET.Native.DuckDBUHugeInt::.ctor(System.UInt64,System.UInt64)
FNDA:0,System.Void DuckDB.NET.Native.DuckDBUHugeInt::.ctor(System.UInt64,System.UInt64)
DA:70,0
DA:71,0
DA:72,0
FN:49,System.Void DuckDB.NET.Native.DuckDBUHugeInt::.cctor()
FNDA:0,System.Void DuckDB.NET.Native.DuckDBUHugeInt::.cctor()
DA:50,0
LF:33
LH:0
BRF:10
BRH:0
FNF:16
FNH:0
end_of_record
SF:C:\Sources\github\DuckDB.NET\DuckDB.NET.Bindings\DuckDBInterval.cs
FN:8,System.Int32 DuckDB.NET.Native.DuckDBInterval::get_Months()
FNDA:0,System.Int32 DuckDB.NET.Native.DuckDBInterval::get_Months()
DA:9,0
FN:10,System.Int32 DuckDB.NET.Native.DuckDBInterval::get_Days()
FNDA:0,System.Int32 DuckDB.NET.Native.DuckDBInterval::get_Days()
DA:11,0
FN:11,System.UInt64 DuckDB.NET.Native.DuckDBInterval::get_Micros()
FNDA:0,System.UInt64 DuckDB.NET.Native.DuckDBInterval::get_Micros()
DA:12,0
FN:15,System.TimeSpan DuckDB.NET.Native.DuckDBInterval::op_Explicit(DuckDB.NET.Native.DuckDBInterval)
FNDA:0,System.TimeSpan DuckDB.NET.Native.DuckDBInterval::op_Explicit(DuckDB.NET.Native.DuckDBInterval)
DA:16,0
DA:17,0
BRDA:17,28,0,0
BRDA:17,28,1,0
FN:18,DuckDB.NET.Native.DuckDBInterval DuckDB.NET.Native.DuckDBInterval::op_Implicit(System.TimeSpan)
FNDA:0,DuckDB.NET.Native.DuckDBInterval DuckDB.NET.Native.DuckDBInterval::op_Implicit(System.TimeSpan)
DA:19,0
FN:22,System.Boolean DuckDB.NET.Native.DuckDBInterval::TryConvert(System.Nullable`1<System.TimeSpan>&)
FNDA:0,System.Boolean DuckDB.NET.Native.DuckDBInterval::TryConvert(System.Nullable`1<System.TimeSpan>&)
DA:23,0
DA:24,0
FN:28,System.ValueTuple`2<System.Nullable`1<System.TimeSpan>,System.Exception> DuckDB.NET.Native.DuckDBInterval::ToTimeSpan(DuckDB.NET.Native.DuckDBInterval)
FNDA:0,System.ValueTuple`2<System.Nullable`1<System.TimeSpan>,System.Exception> DuckDB.NET.Native.DuckDBInterval::ToTimeSpan(DuckDB.NET.Native.DuckDBInterval)
DA:29,0
DA:31,0
DA:34,0
DA:35,0
DA:37,0
DA:39,0
DA:40,0
DA:42,0
DA:45,0
DA:47,0
DA:49,0
DA:53,0
DA:56,0
DA:58,0
DA:61,0
DA:63,0
DA:66,0
BRDA:29,8,0,0
BRDA:29,8,1,0
BRDA:37,66,0,0
BRDA:40,115,0,0
BRDA:40,115,1,0
BRDA:45,233,0,0
BRDA:45,233,1,0
BRDA:37,66,1,0
BRDA:56,290,0,0
BRDA:56,290,1,0
BRDA:61,441,0,0
BRDA:61,441,1,0
FN:69,DuckDB.NET.Native.DuckDBInterval DuckDB.NET.Native.DuckDBInterval::FromTimeSpan(System.TimeSpan)
FNDA:0,DuckDB.NET.Native.DuckDBInterval DuckDB.NET.Native.DuckDBInterval::FromTimeSpan(System.TimeSpan)
DA:70,0
LF:26
LH:0
BRF:14
BRH:0
FNF:8
FNH:0
end_of_record
SF:C:\Sources\github\DuckDB.NET\DuckDB.NET.Bindings\DuckDBNativeObjects.cs
FN:107,System.Void DuckDB.NET.Native.DuckDBResult::Close()
FNDA:0,System.Void DuckDB.NET.Native.DuckDBResult::Close()
DA:108,0
DA:109,0
FN:125,System.Int32 DuckDB.NET.Native.DuckDBDate::get_Days()
FNDA:0,System.Int32 DuckDB.NET.Native.DuckDBDate::get_Days()
DA:126,0
FN:127,System.Boolean DuckDB.NET.Native.DuckDBDate::get_IsInfinity()
FNDA:0,System.Boolean DuckDB.NET.Native.DuckDBDate::get_IsInfinity()
DA:128,0
BRDA:128,6,0,0
BRDA:128,6,1,0
FN:128,System.Boolean DuckDB.NET.Native.DuckDBDate::get_IsPositiveInfinity()
FNDA:0,System.Boolean DuckDB.NET.Native.DuckDBDate::get_IsPositiveInfinity()
DA:129,0
FN:129,System.Boolean DuckDB.NET.Native.DuckDBDate::get_IsNegativeInfinity()
FNDA:0,System.Boolean DuckDB.NET.Native.DuckDBDate::get_IsNegativeInfinity()
DA:130,0
FN:118,System.Void DuckDB.NET.Native.DuckDBDate::.cctor()
FNDA:0,System.Void DuckDB.NET.Native.DuckDBDate::.cctor()
DA:119,0
DA:124,0
FN:135,System.Int64 DuckDB.NET.Native.DuckDBTime::get_Micros()
FNDA:0,System.Int64 DuckDB.NET.Native.DuckDBTime::get_Micros()
DA:136,0
FN:141,System.UInt64 DuckDB.NET.Native.DuckDBTimeTzStruct::get_Bits()
FNDA:0,System.UInt64 DuckDB.NET.Native.DuckDBTimeTzStruct::get_Bits()
DA:142,0
FN:147,DuckDB.NET.Native.DuckDBTimeOnly DuckDB.NET.Native.DuckDBTimeTz::get_Time()
FNDA:0,DuckDB.NET.Native.DuckDBTimeOnly DuckDB.NET.Native.DuckDBTimeTz::get_Time()
DA:148,0
FN:148,System.Int32 DuckDB.NET.Native.DuckDBTimeTz::get_Offset()
FNDA:0,System.Int32 DuckDB.NET.Native.DuckDBTimeTz::get_Offset()
DA:149,0
FN:165,System.Int64 DuckDB.NET.Native.DuckDBTimestampStruct::get_Micros()
FNDA:0,System.Int64 DuckDB.NET.Native.DuckDBTimestampStruct::get_Micros()
DA:166,0
FN:167,System.Boolean DuckDB.NET.Native.DuckDBTimestampStruct::get_IsInfinity()
FNDA:0,System.Boolean DuckDB.NET.Native.DuckDBTimestampStruct::get_IsInfinity()
DA:168,0
BRDA:168,6,0,0
BRDA:168,6,1,0
FN:168,System.Boolean DuckDB.NET.Native.DuckDBTimestampStruct::get_IsPositiveInfinity()
FNDA:0,System.Boolean DuckDB.NET.Native.DuckDBTimestampStruct::get_IsPositiveInfinity()
DA:169,0
FN:169,System.Boolean DuckDB.NET.Native.DuckDBTimestampStruct::get_IsNegativeInfinity()
FNDA:0,System.Boolean DuckDB.NET.Native.DuckDBTimestampStruct::get_IsNegativeInfinity()
DA:170,0
FN:158,System.Void DuckDB.NET.Native.DuckDBTimestampStruct::.cctor()
FNDA:0,System.Void DuckDB.NET.Native.DuckDBTimestampStruct::.cctor()
DA:159,0
DA:164,0
FN:175,System.IntPtr DuckDB.NET.Native.DuckDBBlob::get_Data()
FNDA:0,System.IntPtr DuckDB.NET.Native.DuckDBBlob::get_Data()
DA:176,0
FN:177,System.Int64 DuckDB.NET.Native.DuckDBBlob::get_Size()
FNDA:0,System.Int64 DuckDB.NET.Native.DuckDBBlob::get_Size()
DA:178,0
FN:181,System.Void DuckDB.NET.Native.DuckDBBlob::Dispose()
FNDA:0,System.Void DuckDB.NET.Native.DuckDBBlob::Dispose()
DA:182,0
DA:183,0
FN:188,System.UInt64 DuckDB.NET.Native.DuckDBListEntry::get_Offset()
FNDA:0,System.UInt64 DuckDB.NET.Native.DuckDBListEntry::get_Offset()
DA:189,0
FN:189,System.UInt64 DuckDB.NET.Native.DuckDBListEntry::get_Length()
FNDA:0,System.UInt64 DuckDB.NET.Native.DuckDBListEntry::get_Length()
DA:190,0
FN:198,System.Int32 DuckDB.NET.Native.DuckDBString::get_Length()
FNDA:0,System.Int32 DuckDB.NET.Native.DuckDBString::get_Length()
DA:199,0
FN:204,System.SByte* DuckDB.NET.Native.DuckDBString::get_Data()
FNDA:0,System.SByte* DuckDB.NET.Native.DuckDBString::get_Data()
DA:205,0
DA:206,0
DA:207,0
DA:209,0
DA:214,0
BRDA:205,8,0,0
BRDA:205,8,1,0
FN:248,System.Double DuckDB.NET.Native.DuckDBQueryProgress::get_Percentage()
FNDA:0,System.Double DuckDB.NET.Native.DuckDBQueryProgress::get_Percentage()
DA:249,0
FN:249,System.UInt64 DuckDB.NET.Native.DuckDBQueryProgress::get_RowsProcessed()
FNDA:0,System.UInt64 DuckDB.NET.Native.DuckDBQueryProgress::get_RowsProcessed()
DA:250,0
FN:250,System.UInt64 DuckDB.NET.Native.DuckDBQueryProgress::get_TotalRowsToProcess()
FNDA:0,System.UInt64 DuckDB.NET.Native.DuckDBQueryProgress::get_TotalRowsToProcess()
DA:251,0
LF:33
LH:0
BRF:6
BRH:0
FNF:25
FNH:0
end_of_record
SF:C:\Sources\github\DuckDB.NET\DuckDB.NET.Bindings\DuckDBStringMarshallers.cs
FN:10,System.String DuckDB.NET.Native.DuckDBOwnedStringMarshaller::ConvertToManaged(System.Byte*)
FNDA:0,System.String DuckDB.NET.Native.DuckDBOwnedStringMarshaller::ConvertToManaged(System.Byte*)
DA:11,0
FN:13,System.Void DuckDB.NET.Native.DuckDBOwnedStringMarshaller::Free(System.Byte*)
FNDA:0,System.Void DuckDB.NET.Native.DuckDBOwnedStringMarshaller::Free(System.Byte*)
DA:14,0
FN:24,System.String DuckDB.NET.Native.DuckDBCallerOwnedStringMarshaller::ConvertToManaged(System.Byte*)
FNDA:0,System.String DuckDB.NET.Native.DuckDBCallerOwnedStringMarshaller::ConvertToManaged(System.Byte*)
DA:25,0
FN:27,System.Void DuckDB.NET.Native.DuckDBCallerOwnedStringMarshaller::Free(System.Byte*)
FNDA:0,System.Void DuckDB.NET.Native.DuckDBCallerOwnedStringMarshaller::Free(System.Byte*)
DA:28,0
LF:4
LH:0
BRF:0
BRH:0
FNF:4
FNH:0
end_of_record
SF:C:\Sources\github\DuckDB.NET\DuckDB.NET.Bindings\DuckDBTimeOnly.cs
FN:11,System.Byte DuckDB.NET.Native.DuckDBTimeOnly::get_Hour()
FNDA:0,System.Byte DuckDB.NET.Native.DuckDBTimeOnly::get_Hour()
DA:12,0
FN:13,System.Byte DuckDB.NET.Native.DuckDBTimeOnly::get_Min()
FNDA:0,System.Byte DuckDB.NET.Native.DuckDBTimeOnly::get_Min()
DA:14,0
FN:15,System.Byte DuckDB.NET.Native.DuckDBTimeOnly::get_Sec()
FNDA:0,System.Byte DuckDB.NET.Native.DuckDBTimeOnly::get_Sec()
DA:16,0
FN:17,System.Int32 DuckDB.NET.Native.DuckDBTimeOnly::get_Microsecond()
FNDA:0,System.Int32 DuckDB.NET.Native.DuckDBTimeOnly::get_Microsecond()
DA:18,0
FN:19,System.Int64 DuckDB.NET.Native.DuckDBTimeOnly::get_Ticks()
FNDA:0,System.Int64 DuckDB.NET.Native.DuckDBTimeOnly::get_Ticks()
DA:20,0
FN:23,System.DateTime DuckDB.NET.Native.DuckDBTimeOnly::ToDateTime()
FNDA:0,System.DateTime DuckDB.NET.Native.DuckDBTimeOnly::ToDateTime()
DA:24,0
DA:26,0
FN:30,DuckDB.NET.Native.DuckDBTimeOnly DuckDB.NET.Native.DuckDBTimeOnly::FromDateTime(System.DateTime)
FNDA:0,DuckDB.NET.Native.DuckDBTimeOnly DuckDB.NET.Native.DuckDBTimeOnly::FromDateTime(System.DateTime)
DA:31,0
DA:32,0
DA:33,0
FN:35,System.DateTime DuckDB.NET.Native.DuckDBTimeOnly::op_Explicit(DuckDB.NET.Native.DuckDBTimeOnly)
FNDA:0,System.DateTime DuckDB.NET.Native.DuckDBTimeOnly::op_Explicit(DuckDB.NET.Native.DuckDBTimeOnly)
DA:36,0
FN:36,DuckDB.NET.Native.DuckDBTimeOnly DuckDB.NET.Native.DuckDBTimeOnly::op_Explicit(System.DateTime)
FNDA:0,DuckDB.NET.Native.DuckDBTimeOnly DuckDB.NET.Native.DuckDBTimeOnly::op_Explicit(System.DateTime)
DA:37,0
FN:40,DuckDB.NET.Native.DuckDBTimeOnly DuckDB.NET.Native.DuckDBTimeOnly::FromTimeOnly(System.TimeOnly)
FNDA:0,DuckDB.NET.Native.DuckDBTimeOnly DuckDB.NET.Native.DuckDBTimeOnly::FromTimeOnly(System.TimeOnly)
DA:41,0
DA:42,0
FN:44,System.TimeOnly DuckDB.NET.Native.DuckDBTimeOnly::op_Implicit(DuckDB.NET.Native.DuckDBTimeOnly)
FNDA:0,System.TimeOnly DuckDB.NET.Native.DuckDBTimeOnly::op_Implicit(DuckDB.NET.Native.DuckDBTimeOnly)
DA:45,0
FN:46,DuckDB.NET.Native.DuckDBTimeOnly DuckDB.NET.Native.DuckDBTimeOnly::op_Implicit(System.TimeOnly)
FNDA:0,DuckDB.NET.Native.DuckDBTimeOnly DuckDB.NET.Native.DuckDBTimeOnly::op_Implicit(System.TimeOnly)
DA:47,0
FN:7,System.Void DuckDB.NET.Native.DuckDBTimeOnly::.ctor(System.Byte,System.Byte,System.Byte)
FNDA:0,System.Void DuckDB.NET.Native.DuckDBTimeOnly::.ctor(System.Byte,System.Byte,System.Byte)
DA:8,0
DA:10,0
LF:18
LH:0
BRF:0
BRH:0
FNF:13
FNH:0
end_of_record
SF:C:\Sources\github\DuckDB.NET\DuckDB.NET.Bindings\DuckDBTimestamp.cs
FN:21,DuckDB.NET.Native.DuckDBDateOnly DuckDB.NET.Native.DuckDBTimestamp::get_Date()
FNDA:0,DuckDB.NET.Native.DuckDBDateOnly DuckDB.NET.Native.DuckDBTimestamp::get_Date()
DA:22,0
FN:22,DuckDB.NET.Native.DuckDBTimeOnly DuckDB.NET.Native.DuckDBTimestamp::get_Time()
FNDA:0,DuckDB.NET.Native.DuckDBTimeOnly DuckDB.NET.Native.DuckDBTimestamp::get_Time()
DA:23,0
FN:27,System.Boolean DuckDB.NET.Native.DuckDBTimestamp::get_IsInfinity()
FNDA:0,System.Boolean DuckDB.NET.Native.DuckDBTimestamp::get_IsInfinity()
DA:28,0
BRDA:28,6,0,0
BRDA:28,6,1,0
FN:32,System.Boolean DuckDB.NET.Native.DuckDBTimestamp::get_IsPositiveInfinity()
FNDA:0,System.Boolean DuckDB.NET.Native.DuckDBTimestamp::get_IsPositiveInfinity()
DA:33,0
FN:37,System.Boolean DuckDB.NET.Native.DuckDBTimestamp::get_IsNegativeInfinity()
FNDA:0,System.Boolean DuckDB.NET.Native.DuckDBTimestamp::get_IsNegativeInfinity()
DA:38,0
FN:41,System.DateTime DuckDB.NET.Native.DuckDBTimestamp::ToDateTime()
FNDA:0,System.DateTime DuckDB.NET.Native.DuckDBTimestamp::ToDateTime()
DA:42,0
FN:46,DuckDB.NET.Native.DuckDBTimestamp DuckDB.NET.Native.DuckDBTimestamp::FromDateTime(System.DateTime)
FNDA:0,DuckDB.NET.Native.DuckDBTimestamp DuckDB.NET.Native.DuckDBTimestamp::FromDateTime(System.DateTime)
DA:47,0
FN:54,DuckDB.NET.Native.DuckDBTimestamp DuckDB.NET.Native.DuckDBTimestamp::FromDuckDBTimestampStruct(DuckDB.NET.Native.DuckDBTimestampStruct)
FNDA:0,DuckDB.NET.Native.DuckDBTimestamp DuckDB.NET.Native.DuckDBTimestamp::FromDuckDBTimestampStruct(DuckDB.NET.Native.DuckDBTimestampStruct)
DA:55,0
DA:56,0
DA:57,0
DA:58,0
DA:60,0
BRDA:55,7,0,0
BRDA:55,7,1,0
BRDA:57,22,0,0
BRDA:57,22,1,0
FN:67,DuckDB.NET.Native.DuckDBTimestampStruct DuckDB.NET.Native.DuckDBTimestamp::ToDuckDBTimestampStruct()
FNDA:0,DuckDB.NET.Native.DuckDBTimestampStruct DuckDB.NET.Native.DuckDBTimestamp::ToDuckDBTimestampStruct()
DA:68,0
DA:69,0
DA:70,0
DA:71,0
DA:73,0
BRDA:68,6,0,0
BRDA:68,6,1,0
BRDA:70,20,0,0
BRDA:70,20,1,0
FN:75,System.DateTime DuckDB.NET.Native.DuckDBTimestamp::op_Implicit(DuckDB.NET.Native.DuckDBTimestamp)
FNDA:0,System.DateTime DuckDB.NET.Native.DuckDBTimestamp::op_Implicit(DuckDB.NET.Native.DuckDBTimestamp)
DA:76,0
FN:76,DuckDB.NET.Native.DuckDBTimestamp DuckDB.NET.Native.DuckDBTimestamp::op_Implicit(System.DateTime)
FNDA:0,DuckDB.NET.Native.DuckDBTimestamp DuckDB.NET.Native.DuckDBTimestamp::op_Implicit(System.DateTime)
DA:77,0
FN:8,System.Void DuckDB.NET.Native.DuckDBTimestamp::.cctor()
FNDA:0,System.Void DuckDB.NET.Native.DuckDBTimestamp::.cctor()
DA:9,0
DA:10,0
DA:11,0
DA:12,0
DA:17,0
DA:18,0
DA:19,0
DA:20,0
LF:27
LH:0
BRF:10
BRH:0
FNF:12
FNH:0
end_of_record
SF:C:\Sources\github\DuckDB.NET\DuckDB.NET.Bindings\DuckDBWrapperObjects.cs
FN:6,System.Boolean DuckDB.NET.Native.DuckDBDatabase::ReleaseHandle()
FNDA:0,System.Boolean DuckDB.NET.Native.DuckDBDatabase::ReleaseHandle()
DA:7,0
DA:8,0
FN:2,System.Void DuckDB.NET.Native.DuckDBDatabase::.ctor()
FNDA:0,System.Void DuckDB.NET.Native.DuckDBDatabase::.ctor()
DA:3,0
FN:15,System.Boolean DuckDB.NET.Native.DuckDBNativeConnection::ReleaseHandle()
FNDA:0,System.Boolean DuckDB.NET.Native.DuckDBNativeConnection::ReleaseHandle()
DA:16,0
DA:17,0
FN:21,System.Void DuckDB.NET.Native.DuckDBNativeConnection::Interrupt()
FNDA:0,System.Void DuckDB.NET.Native.DuckDBNativeConnection::Interrupt()
DA:22,0
DA:23,0
FN:11,System.Void DuckDB.NET.Native.DuckDBNativeConnection::.ctor()
FNDA:0,System.Void DuckDB.NET.Native.DuckDBNativeConnection::.ctor()
DA:12,0
FN:29,System.Boolean DuckDB.NET.Native.DuckDBPreparedStatement::ReleaseHandle()
FNDA:0,System.Boolean DuckDB.NET.Native.DuckDBPreparedStatement::ReleaseHandle()
DA:30,0
DA:31,0
FN:25,System.Void DuckDB.NET.Native.DuckDBPreparedStatement::.ctor()
FNDA:0,System.Void DuckDB.NET.Native.DuckDBPreparedStatement::.ctor()
DA:26,0
FN:38,System.Boolean DuckDB.NET.Native.DuckDBConfig::ReleaseHandle()
FNDA:0,System.Boolean DuckDB.NET.Native.DuckDBConfig::ReleaseHandle()
DA:39,0
DA:40,0
FN:34,System.Void DuckDB.NET.Native.DuckDBConfig::.ctor()
FNDA:0,System.Void DuckDB.NET.Native.DuckDBConfig::.ctor()
DA:35,0
FN:47,System.Boolean DuckDB.NET.Native.DuckDBAppender::ReleaseHandle()
FNDA:0,System.Boolean DuckDB.NET.Native.DuckDBAppender::ReleaseHandle()
DA:48,0
FN:43,System.Void DuckDB.NET.Native.DuckDBAppender::.ctor()
FNDA:0,System.Void DuckDB.NET.Native.DuckDBAppender::.ctor()
DA:44,0
FN:55,System.Boolean DuckDB.NET.Native.DuckDBExtractedStatements::ReleaseHandle()
FNDA:0,System.Boolean DuckDB.NET.Native.DuckDBExtractedStatements::ReleaseHandle()
DA:56,0
DA:58,0
FN:51,System.Void DuckDB.NET.Native.DuckDBExtractedStatements::.ctor()
FNDA:0,System.Void DuckDB.NET.Native.DuckDBExtractedStatements::.ctor()
DA:52,0
FN:65,System.Boolean DuckDB.NET.Native.DuckDBLogicalType::ReleaseHandle()
FNDA:0,System.Boolean DuckDB.NET.Native.DuckDBLogicalType::ReleaseHandle()
DA:66,0
DA:67,0
FN:61,System.Void DuckDB.NET.Native.DuckDBLogicalType::.ctor()
FNDA:0,System.Void DuckDB.NET.Native.DuckDBLogicalType::.ctor()
DA:62,0
FN:83,System.Boolean DuckDB.NET.Native.DuckDBDataChunk::ReleaseHandle()
FNDA:0,System.Boolean DuckDB.NET.Native.DuckDBDataChunk::ReleaseHandle()
DA:84,0
DA:85,0
FN:72,System.Void DuckDB.NET.Native.DuckDBDataChunk::.ctor()
FNDA:0,System.Void DuckDB.NET.Native.DuckDBDataChunk::.ctor()
DA:73,0
DA:75,0
FN:76,System.Void DuckDB.NET.Native.DuckDBDataChunk::.ctor(System.IntPtr)
FNDA:0,System.Void DuckDB.NET.Native.DuckDBDataChunk::.ctor(System.IntPtr)
DA:77,0
DA:79,0
DA:80,0
FN:94,System.Boolean DuckDB.NET.Native.DuckDBValue::ReleaseHandle()
FNDA:0,System.Boolean DuckDB.NET.Native.DuckDBValue::ReleaseHandle()
DA:95,0
DA:97,0
DA:100,0
DA:101,0
BRDA:95,27,1,0
BRDA:95,27,0,0
FN:105,System.Void DuckDB.NET.Native.DuckDBValue::SetChildValues(DuckDB.NET.Native.DuckDBValue[])
FNDA:0,System.Void DuckDB.NET.Native.DuckDBValue::SetChildValues(DuckDB.NET.Native.DuckDBValue[])
DA:106,0
DA:107,0
FN:108,System.Boolean DuckDB.NET.Native.DuckDBValue::IsNull()
FNDA:0,System.Boolean DuckDB.NET.Native.DuckDBValue::IsNull()
DA:109,0
FN:112,T DuckDB.NET.Native.DuckDBValue::GetValue()
FNDA:0,T DuckDB.NET.Native.DuckDBValue::GetValue()
DA:113,0
DA:117,0
DA:118,0
DA:120,0
DA:122,0
DA:123,0
DA:124,0
DA:125,0
DA:126,0
DA:127,0
DA:128,0
DA:129,0
DA:130,0
DA:131,0
DA:132,0
DA:133,0
DA:134,0
DA:135,0
DA:136,0
DA:137,0
DA:138,0
DA:139,0
DA:140,0
DA:141,0
DA:142,0
DA:143,0
DA:144,0
DA:145,0
DA:146,0
DA:147,0
DA:148,0
DA:149,0
DA:150,0
DA:151,0
DA:152,0
DA:153,0
DA:154,0
DA:155,0
DA:156,0
DA:157,0
DA:158,0
BRDA:122,25,1,0
BRDA:122,25,2,0
BRDA:122,25,3,0
BRDA:122,25,4,0
BRDA:122,25,5,0
BRDA:122,25,6,0
BRDA:122,25,7,0
BRDA:122,25,8,0
BRDA:122,25,9,0
BRDA:122,25,10,0
BRDA:122,25,11,0
BRDA:122,25,19,0
BRDA:122,25,27,0
BRDA:122,25,16,0
BRDA:122,25,32,0
BRDA:122,25,17,0
BRDA:122,25,13,0
BRDA:122,25,14,0
BRDA:122,25,30,0
BRDA:122,25,15,0
BRDA:122,25,12,0
BRDA:122,25,20,0
BRDA:122,25,21,0
BRDA:122,25,22,0
BRDA:122,25,31,0
BRDA:122,25,0,0
BRDA:122,25,18,0
BRDA:122,25,23,0
BRDA:122,25,24,0
BRDA:122,25,25,0
BRDA:122,25,26,0
BRDA:122,25,28,0
BRDA:122,25,29,0
FN:165,System.DateTime DuckDB.NET.Native.DuckDBValue::GetTimestampValue(DuckDB.NET.Native.DuckDBTimestampStruct,DuckDB.NET.Native.DuckDBType)
FNDA:0,System.DateTime DuckDB.NET.Native.DuckDBValue::GetTimestampValue(DuckDB.NET.Native.DuckDBTimestampStruct,DuckDB.NET.Native.DuckDBType)
DA:166,0
DA:173,0
DA:175,0
DA:176,0
DA:178,0
DA:180,0
DA:182,0
DA:184,0
DA:187,0
DA:188,0
BRDA:173,5,0,0
BRDA:173,5,1,0
BRDA:178,50,0,0
BRDA:178,50,1,0
BRDA:182,75,0,0
BRDA:182,75,1,0
FN:192,System.DateTimeOffset DuckDB.NET.Native.DuckDBValue::GetTimeTzValue()
FNDA:0,System.DateTimeOffset DuckDB.NET.Native.DuckDBValue::GetTimeTzValue()
DA:193,0
DA:194,0
DA:195,0
FN:160,T DuckDB.NET.Native.DuckDBValue::<GetValue>g__Cast|5_0(TSource)
FNDA:0,T DuckDB.NET.Native.DuckDBValue::<GetValue>g__Cast|5_0(TSource)
DA:161,0
FN:88,System.Void DuckDB.NET.Native.DuckDBValue::.ctor()
FNDA:0,System.Void DuckDB.NET.Native.DuckDBValue::.ctor()
DA:89,0
DA:91,0
FN:202,System.Boolean DuckDB.NET.Native.DuckDBClientContext::ReleaseHandle()
FNDA:0,System.Boolean DuckDB.NET.Native.DuckDBClientContext::ReleaseHandle()
DA:203,0
DA:204,0
FN:206,System.UInt64 DuckDB.NET.Native.DuckDBClientContext::get_ConnectionId()
FNDA:0,System.UInt64 DuckDB.NET.Native.DuckDBClientContext::get_ConnectionId()
DA:207,0
FN:198,System.Void DuckDB.NET.Native.DuckDBClientContext::.ctor()
FNDA:0,System.Void DuckDB.NET.Native.DuckDBClientContext::.ctor()
DA:199,0
LF:97
LH:0
BRF:41
BRH:0
FNF:29
FNH:0
end_of_record
SF:C:\Sources\github\DuckDB.NET\DuckDB.NET.Bindings\Extensions\DuckDBStateExtensions.cs
FN:7,System.Boolean DuckDB.NET.Native.DuckDBStateExtensions::IsSuccess(DuckDB.NET.Native.DuckDBState)
FNDA:0,System.Boolean DuckDB.NET.Native.DuckDBStateExtensions::IsSuccess(DuckDB.NET.Native.DuckDBState)
DA:8,0
LF:1
LH:0
BRF:0
BRH:0
FNF:1
FNH:0
end_of_record
SF:/_/DuckDB.NET.Bindings/obj/Release/net10.0/Microsoft.Interop.LibraryImportGenerator/Microsoft.Interop.LibraryImportGenerator/LibraryImports.g.cs
FN:11,DuckDB.NET.Native.DuckDBState DuckDB.NET.Native.NativeMethods/Appender::DuckDBAppenderCreate(DuckDB.NET.Native.DuckDBNativeConnection,System.String,System.String,DuckDB.NET.Native.DuckDBAppender&)
FNDA:0,DuckDB.NET.Native.DuckDBState DuckDB.NET.Native.NativeMethods/Appender::DuckDBAppenderCreate(DuckDB.NET.Native.DuckDBNativeConnection,System.String,System.String,DuckDB.NET.Native.DuckDBAppender&)
DA:12,0
DA:13,0
DA:15,0
DA:16,0
DA:17,0
DA:18,0
DA:20,0
DA:21,0
DA:22,0
DA:23,0
DA:27,0
DA:28,0
DA:29,0
DA:32,0
DA:33,0
DA:34,0
DA:35,0
DA:38,0
DA:40,0
DA:42,0
DA:43,0
DA:46,0
DA:49,0
DA:53,0
DA:54,0
DA:55,0
DA:56,0
DA:58,0
BRDA:46,193,0,0
BRDA:46,193,1,0
FN:76,DuckDB.NET.Native.DuckDBState DuckDB.NET.Native.NativeMethods/Appender::DuckDBAppenderCreateExt(DuckDB.NET.Native.DuckDBNativeConnection,System.String,System.String,System.String,DuckDB.NET.Native.DuckDBAppender&)
FNDA:0,DuckDB.NET.Native.DuckDBState DuckDB.NET.Native.NativeMethods/Appender::DuckDBAppenderCreateExt(DuckDB.NET.Native.DuckDBNativeConnection,System.String,System.String,System.String,DuckDB.NET.Native.DuckDBAppender&)
DA:77,0
DA:78,0
DA:80,0
DA:81,0
DA:82,0
DA:83,0
DA:84,0
DA:86,0
DA:87,0
DA:88,0
DA:89,0
DA:90,0
DA:94,0
DA:95,0
DA:96,0
DA:97,0
DA:100,0
DA:101,0
DA:102,0
DA:103,0
DA:104,0
DA:107,0
DA:109,0
DA:111,0
DA:112,0
DA:115,0
DA:118,0
DA:122,0
DA:123,0
DA:124,0
DA:125,0
DA:126,0
DA:128,0
BRDA:115,257,0,0
BRDA:115,257,1,0
FN:147,System.UInt64 DuckDB.NET.Native.NativeMethods/Appender::DuckDBAppenderColumnCount(DuckDB.NET.Native.DuckDBAppender)
FNDA:0,System.UInt64 DuckDB.NET.Native.NativeMethods/Appender::DuckDBAppenderColumnCount(DuckDB.NET.Native.DuckDBAppender)
DA:148,0
DA:150,0
DA:154,0
DA:157,0
DA:158,0
DA:160,0
DA:164,0
DA:165,0
DA:167,0
FN:185,DuckDB.NET.Native.DuckDBLogicalType DuckDB.NET.Native.NativeMethods/Appender::DuckDBAppenderColumnType(DuckDB.NET.Native.DuckDBAppender,System.UInt64)
FNDA:0,DuckDB.NET.Native.DuckDBLogicalType DuckDB.NET.Native.NativeMethods/Appender::DuckDBAppenderColumnType(DuckDB.NET.Native.DuckDBAppender,System.UInt64)
DA:186,0
DA:188,0
DA:189,0
DA:191,0
DA:192,0
DA:196,0
DA:199,0
DA:200,0
DA:203,0
DA:205,0
DA:207,0
DA:208,0
DA:211,0
DA:214,0
DA:218,0
DA:219,0
DA:221,0
BRDA:211,65,0,0
BRDA:211,65,1,0
FN:239,System.String DuckDB.NET.Native.NativeMethods/Appender::DuckDBAppenderError(DuckDB.NET.Native.DuckDBAppender)
FNDA:0,System.String DuckDB.NET.Native.NativeMethods/Appender::DuckDBAppenderError(DuckDB.NET.Native.DuckDBAppender)
DA:240,0
DA:242,0
DA:243,0
DA:245,0
DA:249,0
DA:252,0
DA:253,0
DA:256,0
DA:258,0
DA:259,0
DA:262,0
DA:265,0
DA:269,0
DA:270,0
DA:272,0
BRDA:262,53,0,0
BRDA:262,53,1,0
FN:291,DuckDB.NET.Native.DuckDBState DuckDB.NET.Native.NativeMethods/Appender::DuckDBAppenderFlush(DuckDB.NET.Native.DuckDBAppender)
FNDA:0,DuckDB.NET.Native.DuckDBState DuckDB.NET.Native.NativeMethods/Appender::DuckDBAppenderFlush(DuckDB.NET.Native.DuckDBAppender)
DA:292,0
DA:294,0
DA:298,0
DA:301,0
DA:302,0
DA:304,0
DA:308,0
DA:309,0
DA:311,0
FN:330,DuckDB.NET.Native.DuckDBState DuckDB.NET.Native.NativeMethods/Appender::DuckDBAppenderClear(DuckDB.NET.Native.DuckDBAppender)
FNDA:0,DuckDB.NET.Native.DuckDBState DuckDB.NET.Native.NativeMethods/Appender::DuckDBAppenderClear(DuckDB.NET.Native.DuckDBAppender)
DA:331,0
DA:333,0
DA:337,0
DA:340,0
DA:341,0
DA:343,0
DA:347,0
DA:348,0
DA:350,0
FN:369,DuckDB.NET.Native.DuckDBState DuckDB.NET.Native.NativeMethods/Appender::DuckDBAppenderEndRow(DuckDB.NET.Native.DuckDBAppender)
FNDA:0,DuckDB.NET.Native.DuckDBState DuckDB.NET.Native.NativeMethods/Appender::DuckDBAppenderEndRow(DuckDB.NET.Native.DuckDBAppender)
DA:370,0
DA:372,0
DA:376,0
DA:379,0
DA:380,0
DA:382,0
DA:386,0
DA:387,0
DA:389,0
FN:408,DuckDB.NET.Native.DuckDBState DuckDB.NET.Native.NativeMethods/Appender::DuckDBAppenderClose(DuckDB.NET.Native.DuckDBAppender)
FNDA:0,DuckDB.NET.Native.DuckDBState DuckDB.NET.Native.NativeMethods/Appender::DuckDBAppenderClose(DuckDB.NET.Native.DuckDBAppender)
DA:409,0
DA:411,0
DA:415,0
DA:418,0
DA:419,0
DA:421,0
DA:425,0
DA:426,0
DA:428,0
FN:445,DuckDB.NET.Native.DuckDBState DuckDB.NET.Native.NativeMethods/Appender::DuckDBDestroyAppender(System.IntPtr&)
FNDA:0,DuckDB.NET.Native.DuckDBState DuckDB.NET.Native.NativeMethods/Appender::DuckDBDestroyAppender(System.IntPtr&)
DA:446,0
DA:449,0
DA:451,0
DA:454,0
FN:473,DuckDB.NET.Native.DuckDBState DuckDB.NET.Native.NativeMethods/Appender::DuckDBAppendBool(DuckDB.NET.Native.DuckDBAppender,System.Boolean)
FNDA:0,DuckDB.NET.Native.DuckDBState DuckDB.NET.Native.NativeMethods/Appender::DuckDBAppendBool(DuckDB.NET.Native.DuckDBAppender,System.Boolean)
DA:474,0
DA:475,0
DA:477,0
DA:481,0
DA:482,0
DA:485,0
DA:486,0
DA:488,0
DA:492,0
DA:493,0
DA:495,0
FN:514,DuckDB.NET.Native.DuckDBState DuckDB.NET.Native.NativeMethods/Appender::DuckDBAppendInt8(DuckDB.NET.Native.DuckDBAppender,System.SByte)
FNDA:0,DuckDB.NET.Native.DuckDBState DuckDB.NET.Native.NativeMethods/Appender::DuckDBAppendInt8(DuckDB.NET.Native.DuckDBAppender,System.SByte)
DA:515,0
DA:517,0
DA:521,0
DA:524,0
DA:525,0
DA:527,0
DA:531,0
DA:532,0
DA:534,0
FN:553,DuckDB.NET.Native.DuckDBState DuckDB.NET.Native.NativeMethods/Appender::DuckDBAppendInt16(DuckDB.NET.Native.DuckDBAppender,System.Int16)
FNDA:0,DuckDB.NET.Native.DuckDBState DuckDB.NET.Native.NativeMethods/Appender::DuckDBAppendInt16(DuckDB.NET.Native.DuckDBAppender,System.Int16)
DA:554,0
DA:556,0
DA:560,0
DA:563,0
DA:564,0
DA:566,0
DA:570,0
DA:571,0
DA:573,0
FN:592,DuckDB.NET.Native.DuckDBState DuckDB.NET.Native.NativeMethods/Appender::DuckDBAppendInt32(DuckDB.NET.Native.DuckDBAppender,System.Int32)
FNDA:0,DuckDB.NET.Native.DuckDBState DuckDB.NET.Native.NativeMethods/Appender::DuckDBAppendInt32(DuckDB.NET.Native.DuckDBAppender,System.Int32)
DA:593,0
DA:595,0
DA:599,0
DA:602,0
DA:603,0
DA:605,0
DA:609,0
DA:610,0
DA:612,0
FN:631,DuckDB.NET.Native.DuckDBState DuckDB.NET.Native.NativeMethods/Appender::DuckDBAppendInt64(DuckDB.NET.Native.DuckDBAppender,System.Int64)
FNDA:0,DuckDB.NET.Native.DuckDBState DuckDB.NET.Native.NativeMethods/Appender::DuckDBAppendInt64(DuckDB.NET.Native.DuckDBAppender,System.Int64)
DA:632,0
DA:634,0
DA:638,0
DA:641,0
DA:642,0
DA:644,0
DA:648,0
DA:649,0
DA:651,0
FN:670,DuckDB.NET.Native.DuckDBState DuckDB.NET.Native.NativeMethods/Appender::DuckDBAppendHugeInt(DuckDB.NET.Native.DuckDBAppender,DuckDB.NET.Native.DuckDBHugeInt)
FNDA:0,DuckDB.NET.Native.DuckDBState DuckDB.NET.Native.NativeMethods/Appender::DuckDBAppendHugeInt(DuckDB.NET.Native.DuckDBAppender,DuckDB.NET.Native.DuckDBHugeInt)
DA:671,0
DA:673,0
DA:677,0
DA:680,0
DA:681,0
DA:683,0
DA:687,0
DA:688,0
DA:690,0
FN:709,DuckDB.NET.Native.DuckDBState DuckDB.NET.Native.NativeMethods/Appender::DuckDBAppendUHugeInt(DuckDB.NET.Native.DuckDBAppender,DuckDB.NET.Native.DuckDBUHugeInt)
FNDA:0,DuckDB.NET.Native.DuckDBState DuckDB.NET.Native.NativeMethods/Appender::DuckDBAppendUHugeInt(DuckDB.NET.Native.DuckDBAppender,DuckDB.NET.Native.DuckDBUHugeInt)
DA:710,0
DA:712,0
DA:716,0
DA:719,0
DA:720,0
DA:722,0
DA:726,0
DA:727,0
DA:729,0
FN:748,DuckDB.NET.Native.DuckDBState DuckDB.NET.Native.NativeMethods/Appender::DuckDBAppendUInt8(DuckDB.NET.Native.DuckDBAppender,System.Byte)
FNDA:0,DuckDB.NET.Native.DuckDBState DuckDB.NET.Native.NativeMethods/Appender::DuckDBAppendUInt8(DuckDB.NET.Native.DuckDBAppender,System.Byte)
DA:749,0
DA:751,0
DA:755,0
DA:758,0
DA:759,0
DA:761,0
DA:765,0
DA:766,0
DA:768,0
FN:787,DuckDB.NET.Native.DuckDBState DuckDB.NET.Native.NativeMethods/Appender::DuckDBAppendUInt16(DuckDB.NET.Native.DuckDBAppender,System.UInt16)
FNDA:0,DuckDB.NET.Native.DuckDBState DuckDB.NET.Native.NativeMethods/Appender::DuckDBAppendUInt16(DuckDB.NET.Native.DuckDBAppender,System.UInt16)
DA:788,0
DA:790,0
DA:794,0
DA:797,0
DA:798,0
DA:800,0
DA:804,0
DA:805,0
DA:807,0
FN:826,DuckDB.NET.Native.DuckDBState DuckDB.NET.Native.NativeMethods/Appender::DuckDBAppendUInt32(DuckDB.NET.Native.DuckDBAppender,System.UInt32)
FNDA:0,DuckDB.NET.Native.DuckDBState DuckDB.NET.Native.NativeMethods/Appender::DuckDBAppendUInt32(DuckDB.NET.Native.DuckDBAppender,System.UInt32)
DA:827,0
DA:829,0
DA:833,0
DA:836,0
DA:837,0
DA:839,0
DA:843,0
DA:844,0
DA:846,0
FN:865,DuckDB.NET.Native.DuckDBState DuckDB.NET.Native.NativeMethods/Appender::DuckDBAppendUInt64(DuckDB.NET.Native.DuckDBAppender,System.UInt64)
FNDA:0,DuckDB.NET.Native.DuckDBState DuckDB.NET.Native.NativeMethods/Appender::DuckDBAppendUInt64(DuckDB.NET.Native.DuckDBAppender,System.UInt64)
DA:866,0
DA:868,0
DA:872,0
DA:875,0
DA:876,0
DA:878,0
DA:882,0
DA:883,0
DA:885,0
FN:904,DuckDB.NET.Native.DuckDBState DuckDB.NET.Native.NativeMethods/Appender::DuckDBAppendFloat(DuckDB.NET.Native.DuckDBAppender,System.Single)
FNDA:0,DuckDB.NET.Native.DuckDBState DuckDB.NET.Native.NativeMethods/Appender::DuckDBAppendFloat(DuckDB.NET.Native.DuckDBAppender,System.Single)
DA:905,0
DA:907,0
DA:911,0
DA:914,0
DA:915,0
DA:917,0
DA:921,0
DA:922,0
DA:924,0
FN:943,DuckDB.NET.Native.DuckDBState DuckDB.NET.Native.NativeMethods/Appender::DuckDBAppendDouble(DuckDB.NET.Native.DuckDBAppender,System.Double)
FNDA:0,DuckDB.NET.Native.DuckDBState DuckDB.NET.Native.NativeMethods/Appender::DuckDBAppendDouble(DuckDB.NET.Native.DuckDBAppender,System.Double)
DA:944,0
DA:946,0
DA:950,0
DA:953,0
DA:954,0
DA:956,0
DA:960,0
DA:961,0
DA:963,0
FN:982,DuckDB.NET.Native.DuckDBState DuckDB.NET.Native.NativeMethods/Appender::DuckDBAppendDate(DuckDB.NET.Native.DuckDBAppender,DuckDB.NET.Native.DuckDBDate)
FNDA:0,DuckDB.NET.Native.DuckDBState DuckDB.NET.Native.NativeMethods/Appender::DuckDBAppendDate(DuckDB.NET.Native.DuckDBAppender,DuckDB.NET.Native.DuckDBDate)
DA:983,0
DA:985,0
DA:989,0
DA:992,0
DA:993,0
DA:995,0
DA:999,0
DA:1000,0
DA:1002,0
FN:1021,DuckDB.NET.Native.DuckDBState DuckDB.NET.Native.NativeMethods/Appender::DuckDBAppendTime(DuckDB.NET.Native.DuckDBAppender,DuckDB.NET.Native.DuckDBTime)
FNDA:0,DuckDB.NET.Native.DuckDBState DuckDB.NET.Native.NativeMethods/Appender::DuckDBAppendTime(DuckDB.NET.Native.DuckDBAppender,DuckDB.NET.Native.DuckDBTime)
DA:1022,0
DA:1024,0
DA:1028,0
DA:1031,0
DA:1032,0
DA:1034,0
DA:1038,0
DA:1039,0
DA:1041,0
FN:1060,DuckDB.NET.Native.DuckDBState DuckDB.NET.Native.NativeMethods/Appender::DuckDBAppendTimestamp(DuckDB.NET.Native.DuckDBAppender,DuckDB.NET.Native.DuckDBTimestampStruct)
FNDA:0,DuckDB.NET.Native.DuckDBState DuckDB.NET.Native.NativeMethods/Appender::DuckDBAppendTimestamp(DuckDB.NET.Native.DuckDBAppender,DuckDB.NET.Native.DuckDBTimestampStruct)
DA:1061,0
DA:1063,0
DA:1067,0
DA:1070,0
DA:1071,0
DA:1073,0
DA:1077,0
DA:1078,0
DA:1080,0
FN:1099,DuckDB.NET.Native.DuckDBState DuckDB.NET.Native.NativeMethods/Appender::DuckDBAppendInterval(DuckDB.NET.Native.DuckDBAppender,DuckDB.NET.Native.DuckDBInterval)
FNDA:0,DuckDB.NET.Native.DuckDBState DuckDB.NET.Native.NativeMethods/Appender::DuckDBAppendInterval(DuckDB.NET.Native.DuckDBAppender,DuckDB.NET.Native.DuckDBInterval)
DA:1100,0
DA:1102,0
DA:1106,0
DA:1109,0
DA:1110,0
DA:1112,0
DA:1116,0
DA:1117,0
DA:1119,0
FN:1138,DuckDB.NET.Native.DuckDBState DuckDB.NET.Native.NativeMethods/Appender::DuckDBAppendVarchar(DuckDB.NET.Native.DuckDBAppender,System.String)
FNDA:0,DuckDB.NET.Native.DuckDBState DuckDB.NET.Native.NativeMethods/Appender::DuckDBAppendVarchar(DuckDB.NET.Native.DuckDBAppender,System.String)
DA:1139,0
DA:1140,0
DA:1142,0
DA:1143,0
DA:1147,0
DA:1148,0
DA:1151,0
DA:1152,0
DA:1153,0
DA:1155,0
DA:1159,0
DA:1160,0
DA:1161,0
DA:1163,0
FN:1182,DuckDB.NET.Native.DuckDBState DuckDB.NET.Native.NativeMethods/Appender::DuckDBAppendVarchar(DuckDB.NET.Native.DuckDBAppender,System.String,System.Int32)
FNDA:0,DuckDB.NET.Native.DuckDBState DuckDB.NET.Native.NativeMethods/Appender::DuckDBAppendVarchar(DuckDB.NET.Native.DuckDBAppender,System.String,System.Int32)
DA:1183,0
DA:1184,0
DA:1186,0
DA:1187,0
DA:1191,0
DA:1192,0
DA:1195,0
DA:1196,0
DA:1197,0
DA:1199,0
DA:1203,0
DA:1204,0
DA:1205,0
DA:1207,0
FN:1226,DuckDB.NET.Native.DuckDBState DuckDB.NET.Native.NativeMethods/Appender::DuckDBAppendBlob(DuckDB.NET.Native.DuckDBAppender,System.Byte*,System.Int32)
FNDA:0,DuckDB.NET.Native.DuckDBState DuckDB.NET.Native.NativeMethods/Appender::DuckDBAppendBlob(DuckDB.NET.Native.DuckDBAppender,System.Byte*,System.Int32)
DA:1227,0
DA:1229,0
DA:1233,0
DA:1236,0
DA:1237,0
DA:1239,0
DA:1243,0
DA:1244,0
DA:1246,0
FN:1265,DuckDB.NET.Native.DuckDBState DuckDB.NET.Native.NativeMethods/Appender::DuckDBAppendNull(DuckDB.NET.Native.DuckDBAppender)
FNDA:0,DuckDB.NET.Native.DuckDBState DuckDB.NET.Native.NativeMethods/Appender::DuckDBAppendNull(DuckDB.NET.Native.DuckDBAppender)
DA:1266,0
DA:1268,0
DA:1272,0
DA:1275,0
DA:1276,0
DA:1278,0
DA:1282,0
DA:1283,0
DA:1285,0
FN:1304,DuckDB.NET.Native.DuckDBState DuckDB.NET.Native.NativeMethods/Appender::DuckDBAppendDataChunk(DuckDB.NET.Native.DuckDBAppender,DuckDB.NET.Native.DuckDBDataChunk)
FNDA:0,DuckDB.NET.Native.DuckDBState DuckDB.NET.Native.NativeMethods/Appender::DuckDBAppendDataChunk(DuckDB.NET.Native.DuckDBAppender,DuckDB.NET.Native.DuckDBDataChunk)
DA:1305,0
DA:1306,0
DA:1308,0
DA:1309,0
DA:1313,0
DA:1314,0
DA:1317,0
DA:1318,0
DA:1319,0
DA:1321,0
DA:1325,0
DA:1326,0
DA:1327,0
DA:1329,0
FN:1348,DuckDB.NET.Native.DuckDBState DuckDB.NET.Native.NativeMethods/Appender::DuckDBAppendDefaultToChunk(DuckDB.NET.Native.DuckDBAppender,DuckDB.NET.Native.DuckDBDataChunk,System.Int32,System.UInt64)
FNDA:0,DuckDB.NET.Native.DuckDBState DuckDB.NET.Native.NativeMethods/Appender::DuckDBAppendDefaultToChunk(DuckDB.NET.Native.DuckDBAppender,DuckDB.NET.Native.DuckDBDataChunk,System.Int32,System.UInt64)
DA:1349,0
DA:1350,0
DA:1352,0
DA:1353,0
DA:1357,0
DA:1358,0
DA:1361,0
DA:1362,0
DA:1363,0
DA:1365,0
DA:1369,0
DA:1370,0
DA:1371,0
DA:1373,0
FN:1391,DuckDB.NET.Native.DuckDBState DuckDB.NET.Native.NativeMethods/Configuration::DuckDBCreateConfig(DuckDB.NET.Native.DuckDBConfig&)
FNDA:0,DuckDB.NET.Native.DuckDBState DuckDB.NET.Native.NativeMethods/Configuration::DuckDBCreateConfig(DuckDB.NET.Native.DuckDBConfig&)
DA:1392,0
DA:1393,0
DA:1394,0
DA:1395,0
DA:1397,0
DA:1401,0
DA:1404,0
DA:1406,0
DA:1408,0
DA:1409,0
DA:1412,0
DA:1415,0
DA:1417,0
DA:1419,0
BRDA:1412,48,0,0
BRDA:1412,48,1,0
FN:1448,DuckDB.NET.Native.DuckDBState DuckDB.NET.Native.NativeMethods/Configuration::DuckDBGetConfigFlag(System.Int32,System.String&,System.String&)
FNDA:0,DuckDB.NET.Native.DuckDBState DuckDB.NET.Native.NativeMethods/Configuration::DuckDBGetConfigFlag(System.Int32,System.String&,System.String&)
DA:1449,0
DA:1450,0
DA:1451,0
DA:1452,0
DA:1453,0
DA:1454,0
DA:1458,0
DA:1461,0
DA:1463,0
DA:1464,0
DA:1465,0
DA:1468,0
DA:1471,0
DA:1472,0
DA:1474,0
DA:1476,0
BRDA:1468,60,0,0
BRDA:1468,60,1,0
FN:1495,DuckDB.NET.Native.DuckDBState DuckDB.NET.Native.NativeMethods/Configuration::DuckDBSetConfig(DuckDB.NET.Native.DuckDBConfig,System.String,System.String)
FNDA:0,DuckDB.NET.Native.DuckDBState DuckDB.NET.Native.NativeMethods/Configuration::DuckDBSetConfig(DuckDB.NET.Native.DuckDBConfig,System.String,System.String)
DA:1496,0
DA:1497,0
DA:1498,0
DA:1500,0
DA:1501,0
DA:1502,0
DA:1506,0
DA:1507,0
DA:1508,0
DA:1511,0
DA:1512,0
DA:1513,0
DA:1514,0
DA:1516,0
DA:1520,0
DA:1521,0
DA:1522,0
DA:1523,0
DA:1525,0
FN:1542,System.Void DuckDB.NET.Native.NativeMethods/Configuration::DuckDBDestroyConfig(System.IntPtr&)
FNDA:0,System.Void DuckDB.NET.Native.NativeMethods/Configuration::DuckDBDestroyConfig(System.IntPtr&)
DA:1543,0
DA:1545,0
DA:1547,0
DA:1554,0
FN:1567,DuckDB.NET.Native.DuckDBDataChunk DuckDB.NET.Native.NativeMethods/DataChunks::DuckDBCreateDataChunk(System.IntPtr[],System.UInt64)
FNDA:0,DuckDB.NET.Native.DuckDBDataChunk DuckDB.NET.Native.NativeMethods/DataChunks::DuckDBCreateDataChunk(System.IntPtr[],System.UInt64)
DA:1568,0
DA:1569,0
DA:1570,0
DA:1572,0
DA:1574,0
DA:1576,0
DA:1578,0
DA:1581,0
DA:1583,0
DA:1585,0
DA:1586,0
DA:1589,0
DA:1592,0
DA:1594,0
DA:1596,0
BRDA:1589,64,0,0
BRDA:1589,64,1,0
FN:1613,System.Void DuckDB.NET.Native.NativeMethods/DataChunks::DuckDBDestroyDataChunk(System.IntPtr&)
FNDA:0,System.Void DuckDB.NET.Native.NativeMethods/DataChunks::DuckDBDestroyDataChunk(System.IntPtr&)
DA:1614,0
DA:1616,0
DA:1618,0
DA:1625,0
FN:1640,System.Void DuckDB.NET.Native.NativeMethods/DataChunks::DuckDBDataChunkReset(DuckDB.NET.Native.DuckDBDataChunk)
FNDA:0,System.Void DuckDB.NET.Native.NativeMethods/DataChunks::DuckDBDataChunkReset(DuckDB.NET.Native.DuckDBDataChunk)
DA:1641,0
DA:1645,0
DA:1648,0
DA:1649,0
DA:1651,0
DA:1655,0
DA:1656,0
DA:1662,0
FN:1676,System.Int64 DuckDB.NET.Native.NativeMethods/DataChunks::DuckDBDataChunkGetColumnCount(DuckDB.NET.Native.DuckDBDataChunk)
FNDA:0,System.Int64 DuckDB.NET.Native.NativeMethods/DataChunks::DuckDBDataChunkGetColumnCount(DuckDB.NET.Native.DuckDBDataChunk)
DA:1677,0
DA:1679,0
DA:1683,0
DA:1686,0
DA:1687,0
DA:1689,0
DA:1693,0
DA:1694,0
DA:1696,0
FN:1715,System.IntPtr DuckDB.NET.Native.NativeMethods/DataChunks::DuckDBDataChunkGetVector(DuckDB.NET.Native.DuckDBDataChunk,System.Int64)
FNDA:0,System.IntPtr DuckDB.NET.Native.NativeMethods/DataChunks::DuckDBDataChunkGetVector(DuckDB.NET.Native.DuckDBDataChunk,System.Int64)
DA:1716,0
DA:1718,0
DA:1722,0
DA:1725,0
DA:1726,0
DA:1728,0
DA:1732,0
DA:1733,0
DA:1735,0
FN:1754,System.UInt64 DuckDB.NET.Native.NativeMethods/DataChunks::DuckDBDataChunkGetSize(DuckDB.NET.Native.DuckDBDataChunk)
FNDA:0,System.UInt64 DuckDB.NET.Native.NativeMethods/DataChunks::DuckDBDataChunkGetSize(DuckDB.NET.Native.DuckDBDataChunk)
DA:1755,0
DA:1757,0
DA:1761,0
DA:1764,0
DA:1765,0
DA:1767,0
DA:1771,0
DA:1772,0
DA:1774,0
FN:1793,System.Int64 DuckDB.NET.Native.NativeMethods/DataChunks::DuckDBDataChunkSetSize(DuckDB.NET.Native.DuckDBDataChunk,System.UInt64)
FNDA:0,System.Int64 DuckDB.NET.Native.NativeMethods/DataChunks::DuckDBDataChunkSetSize(DuckDB.NET.Native.DuckDBDataChunk,System.UInt64)
DA:1794,0
DA:1796,0
DA:1800,0
DA:1803,0
DA:1804,0
DA:1806,0
DA:1810,0
DA:1811,0
DA:1813,0
FN:1922,System.Boolean DuckDB.NET.Native.NativeMethods/DateTimeHelpers::DuckDBIsFiniteDate(DuckDB.NET.Native.DuckDBDate)
FNDA:0,System.Boolean DuckDB.NET.Native.NativeMethods/DateTimeHelpers::DuckDBIsFiniteDate(DuckDB.NET.Native.DuckDBDate)
DA:1923,0
DA:1927,0
DA:1928,0
FN:1949,System.Boolean DuckDB.NET.Native.NativeMethods/DateTimeHelpers::DuckDBIsFiniteTimestamp(DuckDB.NET.Native.DuckDBTimestampStruct)
FNDA:0,System.Boolean DuckDB.NET.Native.NativeMethods/DateTimeHelpers::DuckDBIsFiniteTimestamp(DuckDB.NET.Native.DuckDBTimestampStruct)
DA:1950,0
DA:1954,0
DA:1955,0
FN:1976,System.Boolean DuckDB.NET.Native.NativeMethods/DateTimeHelpers::DuckDBIsFiniteTimestampS(DuckDB.NET.Native.DuckDBTimestampStruct)
FNDA:0,System.Boolean DuckDB.NET.Native.NativeMethods/DateTimeHelpers::DuckDBIsFiniteTimestampS(DuckDB.NET.Native.DuckDBTimestampStruct)
DA:1977,0
DA:1981,0
DA:1982,0
FN:2003,System.Boolean DuckDB.NET.Native.NativeMethods/DateTimeHelpers::DuckDBIsFiniteTimestampMs(DuckDB.NET.Native.DuckDBTimestampStruct)
FNDA:0,System.Boolean DuckDB.NET.Native.NativeMethods/DateTimeHelpers::DuckDBIsFiniteTimestampMs(DuckDB.NET.Native.DuckDBTimestampStruct)
DA:2004,0
DA:2008,0
DA:2009,0
FN:2030,System.Boolean DuckDB.NET.Native.NativeMethods/DateTimeHelpers::DuckDBIsFiniteTimestampNs(DuckDB.NET.Native.DuckDBTimestampStruct)
FNDA:0,System.Boolean DuckDB.NET.Native.NativeMethods/DateTimeHelpers::DuckDBIsFiniteTimestampNs(DuckDB.NET.Native.DuckDBTimestampStruct)
DA:2031,0
DA:2035,0
DA:2036,0
FN:2054,System.Int32 DuckDB.NET.Native.NativeMethods/ExtractStatements::DuckDBExtractStatements(DuckDB.NET.Native.DuckDBNativeConnection,System.String,DuckDB.NET.Native.DuckDBExtractedStatements&)
FNDA:0,System.Int32 DuckDB.NET.Native.NativeMethods/ExtractStatements::DuckDBExtractStatements(DuckDB.NET.Native.DuckDBNativeConnection,System.String,DuckDB.NET.Native.DuckDBExtractedStatements&)
DA:2055,0
DA:2056,0
DA:2058,0
DA:2059,0
DA:2060,0
DA:2062,0
DA:2063,0
DA:2064,0
DA:2068,0
DA:2069,0
DA:2072,0
DA:2073,0
DA:2074,0
DA:2077,0
DA:2079,0
DA:2081,0
DA:2082,0
DA:2085,0
DA:2088,0
DA:2092,0
DA:2093,0
DA:2094,0
DA:2096,0
BRDA:2085,131,0,0
BRDA:2085,131,1,0
FN:2114,DuckDB.NET.Native.DuckDBState DuckDB.NET.Native.NativeMethods/ExtractStatements::DuckDBPrepareExtractedStatement(DuckDB.NET.Native.DuckDBNativeConnection,DuckDB.NET.Native.DuckDBExtractedStatements,System.Int64,DuckDB.NET.Native.DuckDBPreparedStatement&)
FNDA:0,DuckDB.NET.Native.DuckDBState DuckDB.NET.Native.NativeMethods/ExtractStatements::DuckDBPrepareExtractedStatement(DuckDB.NET.Native.DuckDBNativeConnection,DuckDB.NET.Native.DuckDBExtractedStatements,System.Int64,DuckDB.NET.Native.DuckDBPreparedStatement&)
DA:2115,0
DA:2116,0
DA:2118,0
DA:2119,0
DA:2120,0
DA:2122,0
DA:2123,0
DA:2124,0
DA:2128,0
DA:2129,0
DA:2132,0
DA:2133,0
DA:2134,0
DA:2137,0
DA:2139,0
DA:2141,0
DA:2142,0
DA:2145,0
DA:2148,0
DA:2152,0
DA:2153,0
DA:2154,0
DA:2156,0
BRDA:2145,100,0,0
BRDA:2145,100,1,0
FN:2174,System.String DuckDB.NET.Native.NativeMethods/ExtractStatements::DuckDBExtractStatementsError(DuckDB.NET.Native.DuckDBExtractedStatements)
FNDA:0,System.String DuckDB.NET.Native.NativeMethods/ExtractStatements::DuckDBExtractStatementsError(DuckDB.NET.Native.DuckDBExtractedStatements)
DA:2175,0
DA:2177,0
DA:2178,0
DA:2180,0
DA:2184,0
DA:2187,0
DA:2188,0
DA:2191,0
DA:2193,0
DA:2194,0
DA:2197,0
DA:2200,0
DA:2204,0
DA:2205,0
DA:2207,0
BRDA:2197,53,0,0
BRDA:2197,53,1,0
FN:2224,System.Void DuckDB.NET.Native.NativeMethods/ExtractStatements::DuckDBDestroyExtracted(System.IntPtr&)
FNDA:0,System.Void DuckDB.NET.Native.NativeMethods/ExtractStatements::DuckDBDestroyExtracted(System.IntPtr&)
DA:2225,0
DA:2227,0
DA:2229,0
DA:2236,0
FN:2282,DuckDB.NET.Native.DuckDBLogicalType DuckDB.NET.Native.NativeMethods/LogicalType::DuckDBCreateLogicalType(DuckDB.NET.Native.DuckDBType)
FNDA:0,DuckDB.NET.Native.DuckDBLogicalType DuckDB.NET.Native.NativeMethods/LogicalType::DuckDBCreateLogicalType(DuckDB.NET.Native.DuckDBType)
DA:2283,0
DA:2284,0
DA:2285,0
DA:2287,0
DA:2291,0
DA:2294,0
DA:2296,0
DA:2298,0
DA:2299,0
DA:2302,0
DA:2305,0
DA:2307,0
DA:2309,0
BRDA:2302,42,0,0
BRDA:2302,42,1,0
FN:2327,DuckDB.NET.Native.DuckDBLogicalType DuckDB.NET.Native.NativeMethods/LogicalType::DuckDBCreateListType(DuckDB.NET.Native.DuckDBLogicalType)
FNDA:0,DuckDB.NET.Native.DuckDBLogicalType DuckDB.NET.Native.NativeMethods/LogicalType::DuckDBCreateListType(DuckDB.NET.Native.DuckDBLogicalType)
DA:2328,0
DA:2330,0
DA:2331,0
DA:2333,0
DA:2334,0
DA:2338,0
DA:2341,0
DA:2342,0
DA:2345,0
DA:2347,0
DA:2349,0
DA:2350,0
DA:2353,0
DA:2356,0
DA:2360,0
DA:2361,0
DA:2363,0
BRDA:2353,64,0,0
BRDA:2353,64,1,0
FN:2381,DuckDB.NET.Native.DuckDBLogicalType DuckDB.NET.Native.NativeMethods/LogicalType::DuckDBCreateDecimalType(System.Byte,System.Byte)
FNDA:0,DuckDB.NET.Native.DuckDBLogicalType DuckDB.NET.Native.NativeMethods/LogicalType::DuckDBCreateDecimalType(System.Byte,System.Byte)
DA:2382,0
DA:2383,0
DA:2384,0
DA:2386,0
DA:2390,0
DA:2393,0
DA:2395,0
DA:2397,0
DA:2398,0
DA:2401,0
DA:2404,0
DA:2406,0
DA:2408,0
BRDA:2401,43,0,0
BRDA:2401,43,1,0
FN:2427,DuckDB.NET.Native.DuckDBType DuckDB.NET.Native.NativeMethods/LogicalType::DuckDBGetTypeId(DuckDB.NET.Native.DuckDBLogicalType)
FNDA:0,DuckDB.NET.Native.DuckDBType DuckDB.NET.Native.NativeMethods/LogicalType::DuckDBGetTypeId(DuckDB.NET.Native.DuckDBLogicalType)
DA:2428,0
DA:2430,0
DA:2434,0
DA:2437,0
DA:2438,0
DA:2440,0
DA:2444,0
DA:2445,0
DA:2447,0
FN:2466,System.Byte DuckDB.NET.Native.NativeMethods/LogicalType::DuckDBDecimalWidth(DuckDB.NET.Native.DuckDBLogicalType)
FNDA:0,System.Byte DuckDB.NET.Native.NativeMethods/LogicalType::DuckDBDecimalWidth(DuckDB.NET.Native.DuckDBLogicalType)
DA:2467,0
DA:2469,0
DA:2473,0
DA:2476,0
DA:2477,0
DA:2479,0
DA:2483,0
DA:2484,0
DA:2486,0
FN:2505,System.Byte DuckDB.NET.Native.NativeMethods/LogicalType::DuckDBDecimalScale(DuckDB.NET.Native.DuckDBLogicalType)
FNDA:0,System.Byte DuckDB.NET.Native.NativeMethods/LogicalType::DuckDBDecimalScale(DuckDB.NET.Native.DuckDBLogicalType)
DA:2506,0
DA:2508,0
DA:2512,0
DA:2515,0
DA:2516,0
DA:2518,0
DA:2522,0
DA:2523,0
DA:2525,0
FN:2544,DuckDB.NET.Native.DuckDBType DuckDB.NET.Native.NativeMethods/LogicalType::DuckDBDecimalInternalType(DuckDB.NET.Native.DuckDBLogicalType)
FNDA:0,DuckDB.NET.Native.DuckDBType DuckDB.NET.Native.NativeMethods/LogicalType::DuckDBDecimalInternalType(DuckDB.NET.Native.DuckDBLogicalType)
DA:2545,0
DA:2547,0
DA:2551,0
DA:2554,0
DA:2555,0
DA:2557,0
DA:2561,0
DA:2562,0
DA:2564,0
FN:2583,DuckDB.NET.Native.DuckDBType DuckDB.NET.Native.NativeMethods/LogicalType::DuckDBEnumInternalType(DuckDB.NET.Native.DuckDBLogicalType)
FNDA:0,DuckDB.NET.Native.DuckDBType DuckDB.NET.Native.NativeMethods/LogicalType::DuckDBEnumInternalType(DuckDB.NET.Native.DuckDBLogicalType)
DA:2584,0
DA:2586,0
DA:2590,0
DA:2593,0
DA:2594,0
DA:2596,0
DA:2600,0
DA:2601,0
DA:2603,0
FN:2622,System.UInt32 DuckDB.NET.Native.NativeMethods/LogicalType::DuckDBEnumDictionarySize(DuckDB.NET.Native.DuckDBLogicalType)
FNDA:0,System.UInt32 DuckDB.NET.Native.NativeMethods/LogicalType::DuckDBEnumDictionarySize(DuckDB.NET.Native.DuckDBLogicalType)
DA:2623,0
DA:2625,0
DA:2629,0
DA:2632,0
DA:2633,0
DA:2635,0
DA:2639,0
DA:2640,0
DA:2642,0
FN:2660,System.String DuckDB.NET.Native.NativeMethods/LogicalType::DuckDBEnumDictionaryValue(DuckDB.NET.Native.DuckDBLogicalType,System.Int64)
FNDA:0,System.String DuckDB.NET.Native.NativeMethods/LogicalType::DuckDBEnumDictionaryValue(DuckDB.NET.Native.DuckDBLogicalType,System.Int64)
DA:2661,0
DA:2663,0
DA:2664,0
DA:2666,0
DA:2670,0
DA:2673,0
DA:2674,0
DA:2677,0
DA:2679,0
DA:2680,0
DA:2683,0
DA:2686,0
DA:2690,0
DA:2691,0
DA:2693,0
BRDA:2683,54,0,0
BRDA:2683,54,1,0
FN:2711,DuckDB.NET.Native.DuckDBLogicalType DuckDB.NET.Native.NativeMethods/LogicalType::DuckDBListTypeChildType(DuckDB.NET.Native.DuckDBLogicalType)
FNDA:0,DuckDB.NET.Native.DuckDBLogicalType DuckDB.NET.Native.NativeMethods/LogicalType::DuckDBListTypeChildType(DuckDB.NET.Native.DuckDBLogicalType)
DA:2712,0
DA:2714,0
DA:2715,0
DA:2717,0
DA:2718,0
DA:2722,0
DA:2725,0
DA:2726,0
DA:2729,0
DA:2731,0
DA:2733,0
DA:2734,0
DA:2737,0
DA:2740,0
DA:2744,0
DA:2745,0
DA:2747,0
BRDA:2737,64,0,0
BRDA:2737,64,1,0
FN:2765,DuckDB.NET.Native.DuckDBLogicalType DuckDB.NET.Native.NativeMethods/LogicalType::DuckDBArrayTypeChildType(DuckDB.NET.Native.DuckDBLogicalType)
FNDA:0,DuckDB.NET.Native.DuckDBLogicalType DuckDB.NET.Native.NativeMethods/LogicalType::DuckDBArrayTypeChildType(DuckDB.NET.Native.DuckDBLogicalType)
DA:2766,0
DA:2768,0
DA:2769,0
DA:2771,0
DA:2772,0
DA:2776,0
DA:2779,0
DA:2780,0
DA:2783,0
DA:2785,0
DA:2787,0
DA:2788,0
DA:2791,0
DA:2794,0
DA:2798,0
DA:2799,0
DA:2801,0
BRDA:2791,64,0,0
BRDA:2791,64,1,0
FN:2819,DuckDB.NET.Native.DuckDBLogicalType DuckDB.NET.Native.NativeMethods/LogicalType::DuckDBMapTypeKeyType(DuckDB.NET.Native.DuckDBLogicalType)
FNDA:0,DuckDB.NET.Native.DuckDBLogicalType DuckDB.NET.Native.NativeMethods/LogicalType::DuckDBMapTypeKeyType(DuckDB.NET.Native.DuckDBLogicalType)
DA:2820,0
DA:2822,0
DA:2823,0
DA:2825,0
DA:2826,0
DA:2830,0
DA:2833,0
DA:2834,0
DA:2837,0
DA:2839,0
DA:2841,0
DA:2842,0
DA:2845,0
DA:2848,0
DA:2852,0
DA:2853,0
DA:2855,0
BRDA:2845,64,0,0
BRDA:2845,64,1,0
FN:2873,DuckDB.NET.Native.DuckDBLogicalType DuckDB.NET.Native.NativeMethods/LogicalType::DuckDBMapTypeValueType(DuckDB.NET.Native.DuckDBLogicalType)
FNDA:0,DuckDB.NET.Native.DuckDBLogicalType DuckDB.NET.Native.NativeMethods/LogicalType::DuckDBMapTypeValueType(DuckDB.NET.Native.DuckDBLogicalType)
DA:2874,0
DA:2876,0
DA:2877,0
DA:2879,0
DA:2880,0
DA:2884,0
DA:2887,0
DA:2888,0
DA:2891,0
DA:2893,0
DA:2895,0
DA:2896,0
DA:2899,0
DA:2902,0
DA:2906,0
DA:2907,0
DA:2909,0
BRDA:2899,64,0,0
BRDA:2899,64,1,0
FN:2928,System.Int64 DuckDB.NET.Native.NativeMethods/LogicalType::DuckDBStructTypeChildCount(DuckDB.NET.Native.DuckDBLogicalType)
FNDA:0,System.Int64 DuckDB.NET.Native.NativeMethods/LogicalType::DuckDBStructTypeChildCount(DuckDB.NET.Native.DuckDBLogicalType)
DA:2929,0
DA:2931,0
DA:2935,0
DA:2938,0
DA:2939,0
DA:2941,0
DA:2945,0
DA:2946,0
DA:2948,0
FN:2966,System.String DuckDB.NET.Native.NativeMethods/LogicalType::DuckDBStructTypeChildName(DuckDB.NET.Native.DuckDBLogicalType,System.Int64)
FNDA:0,System.String DuckDB.NET.Native.NativeMethods/LogicalType::DuckDBStructTypeChildName(DuckDB.NET.Native.DuckDBLogicalType,System.Int64)
DA:2967,0
DA:2969,0
DA:2970,0
DA:2972,0
DA:2976,0
DA:2979,0
DA:2980,0
DA:2983,0
DA:2985,0
DA:2986,0
DA:2989,0
DA:2992,0
DA:2996,0
DA:2997,0
DA:2999,0
BRDA:2989,54,0,0
BRDA:2989,54,1,0
FN:3017,DuckDB.NET.Native.DuckDBLogicalType DuckDB.NET.Native.NativeMethods/LogicalType::DuckDBStructTypeChildType(DuckDB.NET.Native.DuckDBLogicalType,System.Int64)
FNDA:0,DuckDB.NET.Native.DuckDBLogicalType DuckDB.NET.Native.NativeMethods/LogicalType::DuckDBStructTypeChildType(DuckDB.NET.Native.DuckDBLogicalType,System.Int64)
DA:3018,0
DA:3020,0
DA:3021,0
DA:3023,0
DA:3024,0
DA:3028,0
DA:3031,0
DA:3032,0
DA:3035,0
DA:3037,0
DA:3039,0
DA:3040,0
DA:3043,0
DA:3046,0
DA:3050,0
DA:3051,0
DA:3053,0
BRDA:3043,65,0,0
BRDA:3043,65,1,0
FN:3070,System.Void DuckDB.NET.Native.NativeMethods/LogicalType::DuckDBDestroyLogicalType(System.IntPtr&)
FNDA:0,System.Void DuckDB.NET.Native.NativeMethods/LogicalType::DuckDBDestroyLogicalType(System.IntPtr&)
DA:3071,0
DA:3073,0
DA:3075,0
DA:3082,0
FN:3096,System.Int64 DuckDB.NET.Native.NativeMethods/LogicalType::DuckDBArrayVectorGetSize(DuckDB.NET.Native.DuckDBLogicalType)
FNDA:0,System.Int64 DuckDB.NET.Native.NativeMethods/LogicalType::DuckDBArrayVectorGetSize(DuckDB.NET.Native.DuckDBLogicalType)
DA:3097,0
DA:3099,0
DA:3103,0
DA:3106,0
DA:3107,0
DA:3109,0
DA:3113,0
DA:3114,0
DA:3116,0
FN:3134,DuckDB.NET.Native.DuckDBState DuckDB.NET.Native.NativeMethods/PreparedStatements::DuckDBPrepare(DuckDB.NET.Native.DuckDBNativeConnection,System.String,DuckDB.NET.Native.DuckDBPreparedStatement&)
FNDA:0,DuckDB.NET.Native.DuckDBState DuckDB.NET.Native.NativeMethods/PreparedStatements::DuckDBPrepare(DuckDB.NET.Native.DuckDBNativeConnection,System.String,DuckDB.NET.Native.DuckDBPreparedStatement&)
DA:3135,0
DA:3136,0
DA:3138,0
DA:3139,0
DA:3140,0
DA:3142,0
DA:3143,0
DA:3144,0
DA:3148,0
DA:3149,0
DA:3152,0
DA:3153,0
DA:3154,0
DA:3157,0
DA:3159,0
DA:3161,0
DA:3162,0
DA:3165,0
DA:3168,0
DA:3172,0
DA:3173,0
DA:3174,0
DA:3176,0
BRDA:3165,131,0,0
BRDA:3165,131,1,0
FN:3193,System.Void DuckDB.NET.Native.NativeMethods/PreparedStatements::DuckDBDestroyPrepare(System.IntPtr&)
FNDA:0,System.Void DuckDB.NET.Native.NativeMethods/PreparedStatements::DuckDBDestroyPrepare(System.IntPtr&)
DA:3194,0
DA:3196,0
DA:3198,0
DA:3205,0
FN:3218,System.String DuckDB.NET.Native.NativeMethods/PreparedStatements::DuckDBPrepareError(DuckDB.NET.Native.DuckDBPreparedStatement)
FNDA:0,System.String DuckDB.NET.Native.NativeMethods/PreparedStatements::DuckDBPrepareError(DuckDB.NET.Native.DuckDBPreparedStatement)
DA:3219,0
DA:3221,0
DA:3222,0
DA:3224,0
DA:3228,0
DA:3231,0
DA:3232,0
DA:3235,0
DA:3237,0
DA:3238,0
DA:3241,0
DA:3244,0
DA:3248,0
DA:3249,0
DA:3251,0
BRDA:3241,53,0,0
BRDA:3241,53,1,0
FN:3270,System.Int64 DuckDB.NET.Native.NativeMethods/PreparedStatements::DuckDBParams(DuckDB.NET.Native.DuckDBPreparedStatement)
FNDA:0,System.Int64 DuckDB.NET.Native.NativeMethods/PreparedStatements::DuckDBParams(DuckDB.NET.Native.DuckDBPreparedStatement)
DA:3271,0
DA:3273,0
DA:3277,0
DA:3280,0
DA:3281,0
DA:3283,0
DA:3287,0
DA:3288,0
DA:3290,0
FN:3309,DuckDB.NET.Native.DuckDBState DuckDB.NET.Native.NativeMethods/PreparedStatements::DuckDBBindValue(DuckDB.NET.Native.DuckDBPreparedStatement,System.Int64,DuckDB.NET.Native.DuckDBValue)
FNDA:0,DuckDB.NET.Native.DuckDBState DuckDB.NET.Native.NativeMethods/PreparedStatements::DuckDBBindValue(DuckDB.NET.Native.DuckDBPreparedStatement,System.Int64,DuckDB.NET.Native.DuckDBValue)
DA:3310,0
DA:3311,0
DA:3313,0
DA:3314,0
DA:3318,0
DA:3319,0
DA:3322,0
DA:3323,0
DA:3324,0
DA:3326,0
DA:3330,0
DA:3331,0
DA:3332,0
DA:3334,0
FN:3352,DuckDB.NET.Native.DuckDBState DuckDB.NET.Native.NativeMethods/PreparedStatements::DuckDBBindParameterIndex(DuckDB.NET.Native.DuckDBPreparedStatement,System.Int32&,System.String)
FNDA:0,DuckDB.NET.Native.DuckDBState DuckDB.NET.Native.NativeMethods/PreparedStatements::DuckDBBindParameterIndex(DuckDB.NET.Native.DuckDBPreparedStatement,System.Int32&,System.String)
DA:3353,0
DA:3355,0
DA:3356,0
DA:3358,0
DA:3359,0
DA:3363,0
DA:3364,0
DA:3366,0
DA:3369,0
DA:3370,0
DA:3371,0
DA:3377,0
DA:3378,0
DA:3379,0
DA:3381,0
FN:3400,DuckDB.NET.Native.DuckDBState DuckDB.NET.Native.NativeMethods/PreparedStatements::DuckDBBindBoolean(DuckDB.NET.Native.DuckDBPreparedStatement,System.Int64,System.Boolean)
FNDA:0,DuckDB.NET.Native.DuckDBState DuckDB.NET.Native.NativeMethods/PreparedStatements::DuckDBBindBoolean(DuckDB.NET.Native.DuckDBPreparedStatement,System.Int64,System.Boolean)
DA:3401,0
DA:3402,0
DA:3404,0
DA:3408,0
DA:3409,0
DA:3412,0
DA:3413,0
DA:3415,0
DA:3419,0
DA:3420,0
DA:3422,0
FN:3441,DuckDB.NET.Native.DuckDBState DuckDB.NET.Native.NativeMethods/PreparedStatements::DuckDBBindInt8(DuckDB.NET.Native.DuckDBPreparedStatement,System.Int64,System.SByte)
FNDA:0,DuckDB.NET.Native.DuckDBState DuckDB.NET.Native.NativeMethods/PreparedStatements::DuckDBBindInt8(DuckDB.NET.Native.DuckDBPreparedStatement,System.Int64,System.SByte)
DA:3442,0
DA:3444,0
DA:3448,0
DA:3451,0
DA:3452,0
DA:3454,0
DA:3458,0
DA:3459,0
DA:3461,0
FN:3480,DuckDB.NET.Native.DuckDBState DuckDB.NET.Native.NativeMethods/PreparedStatements::DuckDBBindInt16(DuckDB.NET.Native.DuckDBPreparedStatement,System.Int64,System.Int16)
FNDA:0,DuckDB.NET.Native.DuckDBState DuckDB.NET.Native.NativeMethods/PreparedStatements::DuckDBBindInt16(DuckDB.NET.Native.DuckDBPreparedStatement,System.Int64,System.Int16)
DA:3481,0
DA:3483,0
DA:3487,0
DA:3490,0
DA:3491,0
DA:3493,0
DA:3497,0
DA:3498,0
DA:3500,0
FN:3519,DuckDB.NET.Native.DuckDBState DuckDB.NET.Native.NativeMethods/PreparedStatements::DuckDBBindInt32(DuckDB.NET.Native.DuckDBPreparedStatement,System.Int64,System.Int32)
FNDA:0,DuckDB.NET.Native.DuckDBState DuckDB.NET.Native.NativeMethods/PreparedStatements::DuckDBBindInt32(DuckDB.NET.Native.DuckDBPreparedStatement,System.Int64,System.Int32)
DA:3520,0
DA:3522,0
DA:3526,0
DA:3529,0
DA:3530,0
DA:3532,0
DA:3536,0
DA:3537,0
DA:3539,0
FN:3558,DuckDB.NET.Native.DuckDBState DuckDB.NET.Native.NativeMethods/PreparedStatements::DuckDBBindInt64(DuckDB.NET.Native.DuckDBPreparedStatement,System.Int64,System.Int64)
FNDA:0,DuckDB.NET.Native.DuckDBState DuckDB.NET.Native.NativeMethods/PreparedStatements::DuckDBBindInt64(DuckDB.NET.Native.DuckDBPreparedStatement,System.Int64,System.Int64)
DA:3559,0
DA:3561,0
DA:3565,0
DA:3568,0
DA:3569,0
DA:3571,0
DA:3575,0
DA:3576,0
DA:3578,0
FN:3597,DuckDB.NET.Native.DuckDBState DuckDB.NET.Native.NativeMethods/PreparedStatements::DuckDBBindHugeInt(DuckDB.NET.Native.DuckDBPreparedStatement,System.Int64,DuckDB.NET.Native.DuckDBHugeInt)
FNDA:0,DuckDB.NET.Native.DuckDBState DuckDB.NET.Native.NativeMethods/PreparedStatements::DuckDBBindHugeInt(DuckDB.NET.Native.DuckDBPreparedStatement,System.Int64,DuckDB.NET.Native.DuckDBHugeInt)
DA:3598,0
DA:3600,0
DA:3604,0
DA:3607,0
DA:3608,0
DA:3610,0
DA:3614,0
DA:3615,0
DA:3617,0
FN:3636,DuckDB.NET.Native.DuckDBState DuckDB.NET.Native.NativeMethods/PreparedStatements::DuckDBBindUInt8(DuckDB.NET.Native.DuckDBPreparedStatement,System.Int64,System.Byte)
FNDA:0,DuckDB.NET.Native.DuckDBState DuckDB.NET.Native.NativeMethods/PreparedStatements::DuckDBBindUInt8(DuckDB.NET.Native.DuckDBPreparedStatement,System.Int64,System.Byte)
DA:3637,0
DA:3639,0
DA:3643,0
DA:3646,0
DA:3647,0
DA:3649,0
DA:3653,0
DA:3654,0
DA:3656,0
FN:3675,DuckDB.NET.Native.DuckDBState DuckDB.NET.Native.NativeMethods/PreparedStatements::DuckDBBindUInt16(DuckDB.NET.Native.DuckDBPreparedStatement,System.Int64,System.UInt16)
FNDA:0,DuckDB.NET.Native.DuckDBState DuckDB.NET.Native.NativeMethods/PreparedStatements::DuckDBBindUInt16(DuckDB.NET.Native.DuckDBPreparedStatement,System.Int64,System.UInt16)
DA:3676,0
DA:3678,0
DA:3682,0
DA:3685,0
DA:3686,0
DA:3688,0
DA:3692,0
DA:3693,0
DA:3695,0
FN:3714,DuckDB.NET.Native.DuckDBState DuckDB.NET.Native.NativeMethods/PreparedStatements::DuckDBBindUInt32(DuckDB.NET.Native.DuckDBPreparedStatement,System.Int64,System.UInt32)
FNDA:0,DuckDB.NET.Native.DuckDBState DuckDB.NET.Native.NativeMethods/PreparedStatements::DuckDBBindUInt32(DuckDB.NET.Native.DuckDBPreparedStatement,System.Int64,System.UInt32)
DA:3715,0
DA:3717,0
DA:3721,0
DA:3724,0
DA:3725,0
DA:3727,0
DA:3731,0
DA:3732,0
DA:3734,0
FN:3753,DuckDB.NET.Native.DuckDBState DuckDB.NET.Native.NativeMethods/PreparedStatements::DuckDBBindUInt64(DuckDB.NET.Native.DuckDBPreparedStatement,System.Int64,System.UInt64)
FNDA:0,DuckDB.NET.Native.DuckDBState DuckDB.NET.Native.NativeMethods/PreparedStatements::DuckDBBindUInt64(DuckDB.NET.Native.DuckDBPreparedStatement,System.Int64,System.UInt64)
DA:3754,0
DA:3756,0
DA:3760,0
DA:3763,0
DA:3764,0
DA:3766,0
DA:3770,0
DA:3771,0
DA:3773,0
FN:3792,DuckDB.NET.Native.DuckDBState DuckDB.NET.Native.NativeMethods/PreparedStatements::DuckDBBindFloat(DuckDB.NET.Native.DuckDBPreparedStatement,System.Int64,System.Single)
FNDA:0,DuckDB.NET.Native.DuckDBState DuckDB.NET.Native.NativeMethods/PreparedStatements::DuckDBBindFloat(DuckDB.NET.Native.DuckDBPreparedStatement,System.Int64,System.Single)
DA:3793,0
DA:3795,0
DA:3799,0
DA:3802,0
DA:3803,0
DA:3805,0
DA:3809,0
DA:3810,0
DA:3812,0
FN:3831,DuckDB.NET.Native.DuckDBState DuckDB.NET.Native.NativeMethods/PreparedStatements::DuckDBBindDouble(DuckDB.NET.Native.DuckDBPreparedStatement,System.Int64,System.Double)
FNDA:0,DuckDB.NET.Native.DuckDBState DuckDB.NET.Native.NativeMethods/PreparedStatements::DuckDBBindDouble(DuckDB.NET.Native.DuckDBPreparedStatement,System.Int64,System.Double)
DA:3832,0
DA:3834,0
DA:3838,0
DA:3841,0
DA:3842,0
DA:3844,0
DA:3848,0
DA:3849,0
DA:3851,0
FN:3870,DuckDB.NET.Native.DuckDBState DuckDB.NET.Native.NativeMethods/PreparedStatements::DuckDBBindDate(DuckDB.NET.Native.DuckDBPreparedStatement,System.Int64,DuckDB.NET.Native.DuckDBDate)
FNDA:0,DuckDB.NET.Native.DuckDBState DuckDB.NET.Native.NativeMethods/PreparedStatements::DuckDBBindDate(DuckDB.NET.Native.DuckDBPreparedStatement,System.Int64,DuckDB.NET.Native.DuckDBDate)
DA:3871,0
DA:3873,0
DA:3877,0
DA:3880,0
DA:3881,0
DA:3883,0
DA:3887,0
DA:3888,0
DA:3890,0
FN:3909,DuckDB.NET.Native.DuckDBState DuckDB.NET.Native.NativeMethods/PreparedStatements::DuckDBBindTime(DuckDB.NET.Native.DuckDBPreparedStatement,System.Int64,DuckDB.NET.Native.DuckDBTime)
FNDA:0,DuckDB.NET.Native.DuckDBState DuckDB.NET.Native.NativeMethods/PreparedStatements::DuckDBBindTime(DuckDB.NET.Native.DuckDBPreparedStatement,System.Int64,DuckDB.NET.Native.DuckDBTime)
DA:3910,0
DA:3912,0
DA:3916,0
DA:3919,0
DA:3920,0
DA:3922,0
DA:3926,0
DA:3927,0
DA:3929,0
FN:3948,DuckDB.NET.Native.DuckDBState DuckDB.NET.Native.NativeMethods/PreparedStatements::DuckDBBindTimestamp(DuckDB.NET.Native.DuckDBPreparedStatement,System.Int64,DuckDB.NET.Native.DuckDBTimestampStruct)
FNDA:0,DuckDB.NET.Native.DuckDBState DuckDB.NET.Native.NativeMethods/PreparedStatements::DuckDBBindTimestamp(DuckDB.NET.Native.DuckDBPreparedStatement,System.Int64,DuckDB.NET.Native.DuckDBTimestampStruct)
DA:3949,0
DA:3951,0
DA:3955,0
DA:3958,0
DA:3959,0
DA:3961,0
DA:3965,0
DA:3966,0
DA:3968,0
FN:3987,DuckDB.NET.Native.DuckDBState DuckDB.NET.Native.NativeMethods/PreparedStatements::DuckDBBindVarchar(DuckDB.NET.Native.DuckDBPreparedStatement,System.Int64,System.String)
FNDA:0,DuckDB.NET.Native.DuckDBState DuckDB.NET.Native.NativeMethods/PreparedStatements::DuckDBBindVarchar(DuckDB.NET.Native.DuckDBPreparedStatement,System.Int64,System.String)
DA:3988,0
DA:3989,0
DA:3991,0
DA:3992,0
DA:3996,0
DA:3997,0
DA:4000,0
DA:4001,0
DA:4002,0
DA:4004,0
DA:4008,0
DA:4009,0
DA:4010,0
DA:4012,0
FN:4031,DuckDB.NET.Native.DuckDBState DuckDB.NET.Native.NativeMethods/PreparedStatements::DuckDBBindBlob(DuckDB.NET.Native.DuckDBPreparedStatement,System.Int64,System.Byte[],System.Int64)
FNDA:0,DuckDB.NET.Native.DuckDBState DuckDB.NET.Native.NativeMethods/PreparedStatements::DuckDBBindBlob(DuckDB.NET.Native.DuckDBPreparedStatement,System.Int64,System.Byte[],System.Int64)
DA:4032,0
DA:4034,0
DA:4038,0
DA:4040,0
DA:4043,0
DA:4044,0
DA:4050,0
DA:4051,0
DA:4053,0
FN:4072,DuckDB.NET.Native.DuckDBState DuckDB.NET.Native.NativeMethods/PreparedStatements::DuckDBBindNull(DuckDB.NET.Native.DuckDBPreparedStatement,System.Int64)
FNDA:0,DuckDB.NET.Native.DuckDBState DuckDB.NET.Native.NativeMethods/PreparedStatements::DuckDBBindNull(DuckDB.NET.Native.DuckDBPreparedStatement,System.Int64)
DA:4073,0
DA:4075,0
DA:4079,0
DA:4082,0
DA:4083,0
DA:4085,0
DA:4089,0
DA:4090,0
DA:4092,0
FN:4110,DuckDB.NET.Native.DuckDBState DuckDB.NET.Native.NativeMethods/PreparedStatements::DuckDBExecutePrepared(DuckDB.NET.Native.DuckDBPreparedStatement,DuckDB.NET.Native.DuckDBResult&)
FNDA:0,DuckDB.NET.Native.DuckDBState DuckDB.NET.Native.NativeMethods/PreparedStatements::DuckDBExecutePrepared(DuckDB.NET.Native.DuckDBPreparedStatement,DuckDB.NET.Native.DuckDBResult&)
DA:4111,0
DA:4113,0
DA:4115,0
DA:4119,0
DA:4121,0
DA:4124,0
DA:4125,0
DA:4131,0
DA:4132,0
DA:4134,0
FN:4152,DuckDB.NET.Native.DuckDBState DuckDB.NET.Native.NativeMethods/PreparedStatements::DuckDBExecutePreparedStreaming(DuckDB.NET.Native.DuckDBPreparedStatement,DuckDB.NET.Native.DuckDBResult&)
FNDA:0,DuckDB.NET.Native.DuckDBState DuckDB.NET.Native.NativeMethods/PreparedStatements::DuckDBExecutePreparedStreaming(DuckDB.NET.Native.DuckDBPreparedStatement,DuckDB.NET.Native.DuckDBResult&)
DA:4153,0
DA:4155,0
DA:4157,0
DA:4161,0
DA:4163,0
DA:4166,0
DA:4167,0
DA:4173,0
DA:4174,0
DA:4176,0
FN:4194,DuckDB.NET.Native.DuckDBLogicalType DuckDB.NET.Native.NativeMethods/PreparedStatements::DuckDBParamLogicalType(DuckDB.NET.Native.DuckDBPreparedStatement,System.Int64)
FNDA:0,DuckDB.NET.Native.DuckDBLogicalType DuckDB.NET.Native.NativeMethods/PreparedStatements::DuckDBParamLogicalType(DuckDB.NET.Native.DuckDBPreparedStatement,System.Int64)
DA:4195,0
DA:4197,0
DA:4198,0
DA:4200,0
DA:4201,0
DA:4205,0
DA:4208,0
DA:4209,0
DA:4212,0
DA:4214,0
DA:4216,0
DA:4217,0
DA:4220,0
DA:4223,0
DA:4227,0
DA:4228,0
DA:4230,0
BRDA:4220,65,0,0
BRDA:4220,65,1,0
FN:4248,DuckDB.NET.Native.DuckDBState DuckDB.NET.Native.NativeMethods/Query::DuckDBQuery(DuckDB.NET.Native.DuckDBNativeConnection,System.String,DuckDB.NET.Native.DuckDBResult&)
FNDA:0,DuckDB.NET.Native.DuckDBState DuckDB.NET.Native.NativeMethods/Query::DuckDBQuery(DuckDB.NET.Native.DuckDBNativeConnection,System.String,DuckDB.NET.Native.DuckDBResult&)
DA:4249,0
DA:4251,0
DA:4252,0
DA:4254,0
DA:4255,0
DA:4259,0
DA:4260,0
DA:4262,0
DA:4265,0
DA:4266,0
DA:4267,0
DA:4273,0
DA:4274,0
DA:4275,0
DA:4277,0
FN:4294,System.Void DuckDB.NET.Native.NativeMethods/Query::DuckDBDestroyResult(DuckDB.NET.Native.DuckDBResult&)
FNDA:0,System.Void DuckDB.NET.Native.NativeMethods/Query::DuckDBDestroyResult(DuckDB.NET.Native.DuckDBResult&)
DA:4295,0
DA:4297,0
DA:4299,0
DA:4306,0
FN:4319,DuckDB.NET.Native.DuckDBDataChunk DuckDB.NET.Native.NativeMethods/Query::DuckDBFetchChunk(DuckDB.NET.Native.DuckDBResult)
FNDA:0,DuckDB.NET.Native.DuckDBDataChunk DuckDB.NET.Native.NativeMethods/Query::DuckDBFetchChunk(DuckDB.NET.Native.DuckDBResult)
DA:4320,0
DA:4321,0
DA:4322,0
DA:4324,0
DA:4328,0
DA:4331,0
DA:4333,0
DA:4335,0
DA:4336,0
DA:4339,0
DA:4342,0
DA:4344,0
DA:4346,0
BRDA:4339,42,0,0
BRDA:4339,42,1,0
FN:4364,System.String DuckDB.NET.Native.NativeMethods/Query::DuckDBColumnName(DuckDB.NET.Native.DuckDBResult&,System.Int64)
FNDA:0,System.String DuckDB.NET.Native.NativeMethods/Query::DuckDBColumnName(DuckDB.NET.Native.DuckDBResult&,System.Int64)
DA:4365,0
DA:4366,0
DA:4367,0
DA:4369,0
DA:4371,0
DA:4373,0
DA:4376,0
DA:4378,0
DA:4379,0
DA:4382,0
DA:4385,0
DA:4387,0
DA:4389,0
BRDA:4382,41,0,0
BRDA:4382,41,1,0
FN:4406,DuckDB.NET.Native.DuckDBType DuckDB.NET.Native.NativeMethods/Query::DuckDBColumnType(DuckDB.NET.Native.DuckDBResult&,System.Int64)
FNDA:0,DuckDB.NET.Native.DuckDBType DuckDB.NET.Native.NativeMethods/Query::DuckDBColumnType(DuckDB.NET.Native.DuckDBResult&,System.Int64)
DA:4407,0
DA:4410,0
DA:4412,0
DA:4415,0
FN:4455,DuckDB.NET.Native.DuckDBLogicalType DuckDB.NET.Native.NativeMethods/Query::DuckDBColumnLogicalType(DuckDB.NET.Native.DuckDBResult&,System.Int64)
FNDA:0,DuckDB.NET.Native.DuckDBLogicalType DuckDB.NET.Native.NativeMethods/Query::DuckDBColumnLogicalType(DuckDB.NET.Native.DuckDBResult&,System.Int64)
DA:4456,0
DA:4457,0
DA:4458,0
DA:4460,0
DA:4462,0
DA:4464,0
DA:4466,0
DA:4469,0
DA:4471,0
DA:4473,0
DA:4474,0
DA:4477,0
DA:4480,0
DA:4482,0
DA:4484,0
BRDA:4477,55,0,0
BRDA:4477,55,1,0
FN:4501,System.UInt64 DuckDB.NET.Native.NativeMethods/Query::DuckDBColumnCount(DuckDB.NET.Native.DuckDBResult&)
FNDA:0,System.UInt64 DuckDB.NET.Native.NativeMethods/Query::DuckDBColumnCount(DuckDB.NET.Native.DuckDBResult&)
DA:4502,0
DA:4505,0
DA:4507,0
DA:4510,0
FN:4527,System.Int64 DuckDB.NET.Native.NativeMethods/Query::DuckDBRowCount(DuckDB.NET.Native.DuckDBResult&)
FNDA:0,System.Int64 DuckDB.NET.Native.NativeMethods/Query::DuckDBRowCount(DuckDB.NET.Native.DuckDBResult&)
DA:4528,0
DA:4531,0
DA:4533,0
DA:4536,0
FN:4553,System.Int64 DuckDB.NET.Native.NativeMethods/Query::DuckDBRowsChanged(DuckDB.NET.Native.DuckDBResult&)
FNDA:0,System.Int64 DuckDB.NET.Native.NativeMethods/Query::DuckDBRowsChanged(DuckDB.NET.Native.DuckDBResult&)
DA:4554,0
DA:4557,0
DA:4559,0
DA:4562,0
FN:4579,System.IntPtr DuckDB.NET.Native.NativeMethods/Query::DuckDBColumnData(DuckDB.NET.Native.DuckDBResult&,System.Int64)
FNDA:0,System.IntPtr DuckDB.NET.Native.NativeMethods/Query::DuckDBColumnData(DuckDB.NET.Native.DuckDBResult&,System.Int64)
DA:4580,0
DA:4583,0
DA:4585,0
DA:4588,0
FN:4605,System.IntPtr DuckDB.NET.Native.NativeMethods/Query::DuckDBNullmaskData(DuckDB.NET.Native.DuckDBResult&,System.Int64)
FNDA:0,System.IntPtr DuckDB.NET.Native.NativeMethods/Query::DuckDBNullmaskData(DuckDB.NET.Native.DuckDBResult&,System.Int64)
DA:4606,0
DA:4609,0
DA:4611,0
DA:4614,0
FN:4632,System.String DuckDB.NET.Native.NativeMethods/Query::DuckDBResultError(DuckDB.NET.Native.DuckDBResult&)
FNDA:0,System.String DuckDB.NET.Native.NativeMethods/Query::DuckDBResultError(DuckDB.NET.Native.DuckDBResult&)
DA:4633,0
DA:4634,0
DA:4635,0
DA:4637,0
DA:4639,0
DA:4641,0
DA:4644,0
DA:4646,0
DA:4647,0
DA:4650,0
DA:4653,0
DA:4655,0
DA:4657,0
BRDA:4650,40,0,0
BRDA:4650,40,1,0
FN:4674,DuckDB.NET.Native.DuckDBErrorType DuckDB.NET.Native.NativeMethods/Query::DuckDBResultErrorType(DuckDB.NET.Native.DuckDBResult&)
FNDA:0,DuckDB.NET.Native.DuckDBErrorType DuckDB.NET.Native.NativeMethods/Query::DuckDBResultErrorType(DuckDB.NET.Native.DuckDBResult&)
DA:4675,0
DA:4678,0
DA:4680,0
DA:4683,0
FN:4711,System.Void DuckDB.NET.Native.NativeMethods/ScalarFunction::DuckDBDestroyScalarFunction(System.IntPtr&)
FNDA:0,System.Void DuckDB.NET.Native.NativeMethods/ScalarFunction::DuckDBDestroyScalarFunction(System.IntPtr&)
DA:4712,0
DA:4714,0
DA:4716,0
DA:4723,0
FN:4736,System.Void DuckDB.NET.Native.NativeMethods/ScalarFunction::DuckDBScalarFunctionSetName(System.IntPtr,System.String)
FNDA:0,System.Void DuckDB.NET.Native.NativeMethods/ScalarFunction::DuckDBScalarFunctionSetName(System.IntPtr,System.String)
DA:4737,0
DA:4739,0
DA:4743,0
DA:4746,0
DA:4747,0
DA:4749,0
DA:4753,0
DA:4754,0
DA:4760,0
FN:4773,System.Void DuckDB.NET.Native.NativeMethods/ScalarFunction::DuckDBScalarFunctionSetVarargs(System.IntPtr,DuckDB.NET.Native.DuckDBLogicalType)
FNDA:0,System.Void DuckDB.NET.Native.NativeMethods/ScalarFunction::DuckDBScalarFunctionSetVarargs(System.IntPtr,DuckDB.NET.Native.DuckDBLogicalType)
DA:4774,0
DA:4776,0
DA:4780,0
DA:4783,0
DA:4784,0
DA:4786,0
DA:4790,0
DA:4791,0
DA:4797,0
FN:4832,System.Void DuckDB.NET.Native.NativeMethods/ScalarFunction::DuckDBScalarFunctionAddParameter(System.IntPtr,DuckDB.NET.Native.DuckDBLogicalType)
FNDA:0,System.Void DuckDB.NET.Native.NativeMethods/ScalarFunction::DuckDBScalarFunctionAddParameter(System.IntPtr,DuckDB.NET.Native.DuckDBLogicalType)
DA:4833,0
DA:4835,0
DA:4839,0
DA:4842,0
DA:4843,0
DA:4845,0
DA:4849,0
DA:4850,0
DA:4856,0
FN:4869,System.Void DuckDB.NET.Native.NativeMethods/ScalarFunction::DuckDBScalarFunctionSetReturnType(System.IntPtr,DuckDB.NET.Native.DuckDBLogicalType)
FNDA:0,System.Void DuckDB.NET.Native.NativeMethods/ScalarFunction::DuckDBScalarFunctionSetReturnType(System.IntPtr,DuckDB.NET.Native.DuckDBLogicalType)
DA:4870,0
DA:4872,0
DA:4876,0
DA:4879,0
DA:4880,0
DA:4882,0
DA:4886,0
DA:4887,0
DA:4893,0
FN:4951,DuckDB.NET.Native.DuckDBState DuckDB.NET.Native.NativeMethods/ScalarFunction::DuckDBRegisterScalarFunction(DuckDB.NET.Native.DuckDBNativeConnection,System.IntPtr)
FNDA:0,DuckDB.NET.Native.DuckDBState DuckDB.NET.Native.NativeMethods/ScalarFunction::DuckDBRegisterScalarFunction(DuckDB.NET.Native.DuckDBNativeConnection,System.IntPtr)
DA:4952,0
DA:4954,0
DA:4958,0
DA:4961,0
DA:4962,0
DA:4964,0
DA:4968,0
DA:4969,0
DA:4971,0
FN:5022,System.Void DuckDB.NET.Native.NativeMethods/ScalarFunction::DuckDBScalarFunctionGetClientContext(System.IntPtr,DuckDB.NET.Native.DuckDBClientContext&)
FNDA:0,System.Void DuckDB.NET.Native.NativeMethods/ScalarFunction::DuckDBScalarFunctionGetClientContext(System.IntPtr,DuckDB.NET.Native.DuckDBClientContext&)
DA:5023,0
DA:5024,0
DA:5025,0
DA:5027,0
DA:5031,0
DA:5034,0
DA:5036,0
DA:5038,0
DA:5039,0
DA:5042,0
DA:5045,0
DA:5047,0
DA:5053,0
BRDA:5042,46,0,0
BRDA:5042,46,1,0
FN:5066,System.Void DuckDB.NET.Native.NativeMethods/ScalarFunction::DuckDBScalarFunctionSetError(System.IntPtr,System.String)
FNDA:0,System.Void DuckDB.NET.Native.NativeMethods/ScalarFunction::DuckDBScalarFunctionSetError(System.IntPtr,System.String)
DA:5067,0
DA:5069,0
DA:5073,0
DA:5076,0
DA:5077,0
DA:5079,0
DA:5083,0
DA:5084,0
DA:5090,0
FN:5103,DuckDB.NET.Native.DuckDBState DuckDB.NET.Native.NativeMethods/Startup::DuckDBOpen(System.String,DuckDB.NET.Native.DuckDBDatabase&)
FNDA:0,DuckDB.NET.Native.DuckDBState DuckDB.NET.Native.NativeMethods/Startup::DuckDBOpen(System.String,DuckDB.NET.Native.DuckDBDatabase&)
DA:5104,0
DA:5105,0
DA:5107,0
DA:5108,0
DA:5110,0
DA:5111,0
DA:5115,0
DA:5118,0
DA:5119,0
DA:5122,0
DA:5124,0
DA:5126,0
DA:5127,0
DA:5130,0
DA:5133,0
DA:5137,0
DA:5138,0
DA:5140,0
BRDA:5130,98,0,0
BRDA:5130,98,1,0
FN:5158,DuckDB.NET.Native.DuckDBState DuckDB.NET.Native.NativeMethods/Startup::DuckDBOpen(System.String,DuckDB.NET.Native.DuckDBDatabase&,DuckDB.NET.Native.DuckDBConfig,System.String&)
FNDA:0,DuckDB.NET.Native.DuckDBState DuckDB.NET.Native.NativeMethods/Startup::DuckDBOpen(System.String,DuckDB.NET.Native.DuckDBDatabase&,DuckDB.NET.Native.DuckDBConfig,System.String&)
DA:5159,0
DA:5160,0
DA:5161,0
DA:5163,0
DA:5164,0
DA:5165,0
DA:5166,0
DA:5168,0
DA:5169,0
DA:5170,0
DA:5174,0
DA:5175,0
DA:5178,0
DA:5179,0
DA:5180,0
DA:5183,0
DA:5185,0
DA:5187,0
DA:5188,0
DA:5189,0
DA:5192,0
DA:5195,0
DA:5196,0
DA:5200,0
DA:5201,0
DA:5202,0
DA:5204,0
BRDA:5192,150,0,0
BRDA:5192,150,1,0
FN:5221,System.Void DuckDB.NET.Native.NativeMethods/Startup::DuckDBClose(System.IntPtr&)
FNDA:0,System.Void DuckDB.NET.Native.NativeMethods/Startup::DuckDBClose(System.IntPtr&)
DA:5222,0
DA:5224,0
DA:5226,0
DA:5233,0
FN:5246,DuckDB.NET.Native.DuckDBState DuckDB.NET.Native.NativeMethods/Startup::DuckDBConnect(DuckDB.NET.Native.DuckDBDatabase,DuckDB.NET.Native.DuckDBNativeConnection&)
FNDA:0,DuckDB.NET.Native.DuckDBState DuckDB.NET.Native.NativeMethods/Startup::DuckDBConnect(DuckDB.NET.Native.DuckDBDatabase,DuckDB.NET.Native.DuckDBNativeConnection&)
DA:5247,0
DA:5248,0
DA:5250,0
DA:5251,0
DA:5253,0
DA:5254,0
DA:5258,0
DA:5261,0
DA:5262,0
DA:5265,0
DA:5267,0
DA:5269,0
DA:5270,0
DA:5273,0
DA:5276,0
DA:5280,0
DA:5281,0
DA:5283,0
BRDA:5273,71,0,0
BRDA:5273,71,1,0
FN:5303,System.Void DuckDB.NET.Native.NativeMethods/Startup::DuckDBInterrupt(DuckDB.NET.Native.DuckDBNativeConnection)
FNDA:0,System.Void DuckDB.NET.Native.NativeMethods/Startup::DuckDBInterrupt(DuckDB.NET.Native.DuckDBNativeConnection)
DA:5304,0
DA:5308,0
DA:5311,0
DA:5312,0
DA:5314,0
DA:5318,0
DA:5319,0
DA:5325,0
FN:5339,DuckDB.NET.Native.DuckDBQueryProgress DuckDB.NET.Native.NativeMethods/Startup::DuckDBQueryProgress(DuckDB.NET.Native.DuckDBNativeConnection)
FNDA:0,DuckDB.NET.Native.DuckDBQueryProgress DuckDB.NET.Native.NativeMethods/Startup::DuckDBQueryProgress(DuckDB.NET.Native.DuckDBNativeConnection)
DA:5340,0
DA:5342,0
DA:5346,0
DA:5349,0
DA:5350,0
DA:5352,0
DA:5356,0
DA:5357,0
DA:5359,0
FN:5376,System.Void DuckDB.NET.Native.NativeMethods/Startup::DuckDBDisconnect(System.IntPtr&)
FNDA:0,System.Void DuckDB.NET.Native.NativeMethods/Startup::DuckDBDisconnect(System.IntPtr&)
DA:5377,0
DA:5379,0
DA:5381,0
DA:5388,0
FN:5401,System.Void DuckDB.NET.Native.NativeMethods/Startup::DuckDBConnectionGetClientContext(DuckDB.NET.Native.DuckDBNativeConnection,DuckDB.NET.Native.DuckDBClientContext&)
FNDA:0,System.Void DuckDB.NET.Native.NativeMethods/Startup::DuckDBConnectionGetClientContext(DuckDB.NET.Native.DuckDBNativeConnection,DuckDB.NET.Native.DuckDBClientContext&)
DA:5402,0
DA:5403,0
DA:5405,0
DA:5407,0
DA:5408,0
DA:5412,0
DA:5415,0
DA:5416,0
DA:5419,0
DA:5421,0
DA:5423,0
DA:5424,0
DA:5427,0
DA:5430,0
DA:5434,0
DA:5435,0
DA:5441,0
BRDA:5427,68,0,0
BRDA:5427,68,1,0
FN:5455,System.UInt64 DuckDB.NET.Native.NativeMethods/Startup::DuckDBClientContextGetConnectionId(DuckDB.NET.Native.DuckDBClientContext)
FNDA:0,System.UInt64 DuckDB.NET.Native.NativeMethods/Startup::DuckDBClientContextGetConnectionId(DuckDB.NET.Native.DuckDBClientContext)
DA:5456,0
DA:5458,0
DA:5462,0
DA:5465,0
DA:5466,0
DA:5468,0
DA:5472,0
DA:5473,0
DA:5475,0
FN:5492,System.Void DuckDB.NET.Native.NativeMethods/Startup::DuckDBDestroyClientContext(System.IntPtr&)
FNDA:0,System.Void DuckDB.NET.Native.NativeMethods/Startup::DuckDBDestroyClientContext(System.IntPtr&)
DA:5493,0
DA:5495,0
DA:5497,0
DA:5504,0
FN:5517,System.String DuckDB.NET.Native.NativeMethods/Startup::DuckDBLibraryVersion()
FNDA:0,System.String DuckDB.NET.Native.NativeMethods/Startup::DuckDBLibraryVersion()
DA:5518,0
DA:5519,0
DA:5520,0
DA:5524,0
DA:5527,0
DA:5529,0
DA:5530,0
DA:5533,0
DA:5536,0
DA:5538,0
DA:5540,0
BRDA:5533,30,0,0
BRDA:5533,30,1,0
FN:5558,DuckDB.NET.Native.DuckDBDataChunk DuckDB.NET.Native.NativeMethods/StreamingResult::DuckDBStreamFetchChunk(DuckDB.NET.Native.DuckDBResult)
FNDA:0,DuckDB.NET.Native.DuckDBDataChunk DuckDB.NET.Native.NativeMethods/StreamingResult::DuckDBStreamFetchChunk(DuckDB.NET.Native.DuckDBResult)
DA:5559,0
DA:5560,0
DA:5561,0
DA:5563,0
DA:5567,0
DA:5570,0
DA:5572,0
DA:5574,0
DA:5575,0
DA:5578,0
DA:5581,0
DA:5583,0
DA:5585,0
BRDA:5578,42,0,0
BRDA:5578,42,1,0
FN:5613,System.Void DuckDB.NET.Native.NativeMethods/TableFunction::DuckDBDestroyTableFunction(System.IntPtr&)
FNDA:0,System.Void DuckDB.NET.Native.NativeMethods/TableFunction::DuckDBDestroyTableFunction(System.IntPtr&)
DA:5614,0
DA:5616,0
DA:5618,0
DA:5625,0
[...]
DA:132,0
DA:133,0
DA:134,0
DA:135,0
DA:136,0
DA:137,0
DA:138,0
DA:139,0
BRDA:105,8,1,0
BRDA:105,8,2,0
BRDA:105,8,3,0
BRDA:105,8,4,0
BRDA:105,8,5,0
BRDA:105,8,6,0
BRDA:105,8,7,0
BRDA:105,8,8,0
BRDA:105,8,9,0
BRDA:105,8,10,0
BRDA:105,8,11,0
BRDA:105,8,12,0
BRDA:105,8,13,0
BRDA:105,8,16,0
BRDA:105,8,14,0
BRDA:105,8,15,0
BRDA:105,8,31,0
BRDA:105,8,17,0
BRDA:105,8,33,0
BRDA:105,8,18,0
BRDA:105,8,20,0
BRDA:105,8,21,0
BRDA:105,8,22,0
BRDA:105,8,23,0
BRDA:105,8,19,0
BRDA:105,8,24,0
BRDA:105,8,28,0
BRDA:105,8,26,0
BRDA:105,8,30,0
BRDA:105,8,32,0
BRDA:105,8,36,0
BRDA:105,8,0,0
BRDA:105,8,25,0
BRDA:105,8,27,0
BRDA:105,8,29,0
BRDA:105,8,34,0
BRDA:105,8,35,0
FN:143,System.Type DuckDB.NET.Data.DataChunk.Reader.VectorDataReaderBase::GetColumnProviderSpecificType()
FNDA:0,System.Type DuckDB.NET.Data.DataChunk.Reader.VectorDataReaderBase::GetColumnProviderSpecificType()
DA:144,0
DA:145,0
DA:146,0
DA:147,0
DA:148,0
DA:149,0
DA:150,0
DA:151,0
DA:152,0
DA:153,0
DA:154,0
DA:155,0
DA:156,0
DA:157,0
DA:158,0
DA:159,0
DA:160,0
DA:161,0
DA:162,0
DA:163,0
DA:164,0
DA:165,0
DA:166,0
DA:167,0
DA:168,0
DA:169,0
DA:170,0
DA:171,0
DA:172,0
DA:173,0
DA:174,0
DA:175,0
DA:176,0
DA:177,0
DA:178,0
BRDA:144,8,1,0
BRDA:144,8,2,0
BRDA:144,8,3,0
BRDA:144,8,4,0
BRDA:144,8,5,0
BRDA:144,8,6,0
BRDA:144,8,7,0
BRDA:144,8,8,0
BRDA:144,8,9,0
BRDA:144,8,10,0
BRDA:144,8,11,0
BRDA:144,8,12,0
BRDA:144,8,13,0
BRDA:144,8,16,0
BRDA:144,8,14,0
BRDA:144,8,15,0
BRDA:144,8,31,0
BRDA:144,8,17,0
BRDA:144,8,33,0
BRDA:144,8,18,0
BRDA:144,8,20,0
BRDA:144,8,21,0
BRDA:144,8,22,0
BRDA:144,8,23,0
BRDA:144,8,19,0
BRDA:144,8,24,0
BRDA:144,8,28,0
BRDA:144,8,26,0
BRDA:144,8,30,0
BRDA:144,8,32,0
BRDA:144,8,36,0
BRDA:144,8,0,0
BRDA:144,8,25,0
BRDA:144,8,27,0
BRDA:144,8,29,0
BRDA:144,8,34,0
BRDA:144,8,35,0
FN:181,T DuckDB.NET.Data.DataChunk.Reader.VectorDataReaderBase::GetFieldData(System.UInt64)
FNDA:0,T DuckDB.NET.Data.DataChunk.Reader.VectorDataReaderBase::GetFieldData(System.UInt64)
DA:182,0
FN:189,System.Void DuckDB.NET.Data.DataChunk.Reader.VectorDataReaderBase::Reset(System.IntPtr)
FNDA:0,System.Void DuckDB.NET.Data.DataChunk.Reader.VectorDataReaderBase::Reset(System.IntPtr)
DA:190,0
DA:191,0
DA:192,0
FN:195,System.Void DuckDB.NET.Data.DataChunk.Reader.VectorDataReaderBase::Dispose()
FNDA:0,System.Void DuckDB.NET.Data.DataChunk.Reader.VectorDataReaderBase::Dispose()
DA:196,0
FN:20,System.Void DuckDB.NET.Data.DataChunk.Reader.VectorDataReaderBase::.ctor(System.Void*,System.UInt64*,DuckDB.NET.Native.DuckDBType,System.String)
FNDA:0,System.Void DuckDB.NET.Data.DataChunk.Reader.VectorDataReaderBase::.ctor(System.Void*,System.UInt64*,DuckDB.NET.Native.DuckDBType,System.String)
DA:21,0
DA:23,0
DA:24,0
DA:26,0
DA:27,0
DA:28,0
FN:223,System.Func`3<DuckDB.NET.Data.DataChunk.Reader.VectorDataReaderBase,System.UInt64,T> DuckDB.NET.Data.DataChunk.Reader.VectorDataReaderBase/NullableHandler`1::Compile()
FNDA:0,System.Func`3<DuckDB.NET.Data.DataChunk.Reader.VectorDataReaderBase,System.UInt64,T> DuckDB.NET.Data.DataChunk.Reader.VectorDataReaderBase/NullableHandler`1::Compile()
DA:224,0
DA:226,0
DA:227,0
DA:229,0
DA:231,0
DA:232,0
DA:234,0
DA:236,0
DA:238,0
BRDA:224,5,0,0
BRDA:224,5,1,0
FN:204,System.Void DuckDB.NET.Data.DataChunk.Reader.VectorDataReaderBase/NullableHandler`1::.cctor()
FNDA:0,System.Void DuckDB.NET.Data.DataChunk.Reader.VectorDataReaderBase/NullableHandler`1::.cctor()
DA:205,0
DA:207,0
DA:209,0
DA:210,0
DA:211,0
BRDA:209,40,0,0
BRDA:209,40,1,0
BRDA:210,55,0,0
BRDA:210,55,1,0
LF:126
LH:0
BRF:98
BRH:0
FNF:21
FNH:0
end_of_record
SF:C:\Sources\github\DuckDB.NET\DuckDB.NET.Data\DataChunk\Reader\VectorDataReaderFactory.cs
FN:6,DuckDB.NET.Data.DataChunk.Reader.VectorDataReaderBase DuckDB.NET.Data.DataChunk.Reader.VectorDataReaderFactory::CreateReader(System.IntPtr,DuckDB.NET.Native.DuckDBLogicalType,System.String)
FNDA:0,DuckDB.NET.Data.DataChunk.Reader.VectorDataReaderBase DuckDB.NET.Data.DataChunk.Reader.VectorDataReaderFactory::CreateReader(System.IntPtr,DuckDB.NET.Native.DuckDBLogicalType,System.String)
DA:7,0
DA:8,0
DA:9,0
DA:11,0
DA:12,0
DA:13,0
DA:14,0
DA:15,0
DA:16,0
DA:17,0
DA:18,0
DA:19,0
DA:20,0
DA:21,0
DA:22,0
DA:23,0
DA:24,0
DA:25,0
DA:26,0
DA:27,0
DA:28,0
DA:29,0
DA:30,0
DA:31,0
DA:32,0
DA:33,0
DA:34,0
DA:35,0
DA:36,0
BRDA:11,24,27,0
BRDA:11,24,13,0
BRDA:11,24,14,0
BRDA:11,24,30,0
BRDA:11,24,15,0
BRDA:11,24,12,0
BRDA:11,24,1,0
BRDA:11,24,26,0
BRDA:11,24,24,0
BRDA:11,24,33,0
BRDA:11,24,18,0
BRDA:11,24,17,0
BRDA:11,24,29,0
BRDA:11,24,23,0
BRDA:11,24,25,0
BRDA:11,24,19,0
BRDA:11,24,20,0
BRDA:11,24,21,0
BRDA:11,24,22,0
BRDA:11,24,31,0
BRDA:11,24,0,0
BRDA:11,24,2,0
BRDA:11,24,3,0
BRDA:11,24,4,0
BRDA:11,24,5,0
BRDA:11,24,6,0
BRDA:11,24,7,0
BRDA:11,24,8,0
BRDA:11,24,9,0
BRDA:11,24,10,0
BRDA:11,24,11,0
BRDA:11,24,16,0
BRDA:11,24,28,0
BRDA:11,24,32,0
LF:29
LH:0
BRF:34
BRH:0
FNF:1
FNH:0
end_of_record
SF:C:\Sources\github\DuckDB.NET\DuckDB.NET.Data\Connection\ConnectionManager.cs
FN:16,DuckDB.NET.Data.Connection.ConnectionReference DuckDB.NET.Data.Connection.ConnectionManager::GetConnectionReference(DuckDB.NET.Data.Connection.DuckDBConnectionString)
FNDA:0,DuckDB.NET.Data.Connection.ConnectionReference DuckDB.NET.Data.Connection.ConnectionManager::GetConnectionReference(DuckDB.NET.Data.Connection.DuckDBConnectionString)
DA:17,0
DA:19,0
DA:23,0
DA:25,0
DA:26,0
DA:27,0
DA:28,0
DA:29,0
DA:31,0
DA:34,0
DA:36,0
DA:43,0
DA:44,0
DA:50,0
DA:52,0
DA:54,0
DA:55,0
DA:57,0
DA:59,0
DA:61,0
DA:63,0
DA:67,0
DA:69,0
DA:71,0
DA:73,0
DA:74,0
DA:77,0
DA:79,0
DA:81,0
DA:85,0
DA:88,0
DA:92,0
DA:94,0
DA:96,0
DA:97,0
BRDA:19,25,0,0
BRDA:19,25,1,0
BRDA:19,33,0,0
BRDA:19,33,1,0
BRDA:23,173,1,0
BRDA:25,74,0,0
BRDA:25,74,1,0
BRDA:36,147,0,0
BRDA:36,147,1,0
BRDA:23,173,0,0
BRDA:50,187,0,0
BRDA:52,198,0,0
BRDA:52,198,1,0
BRDA:57,367,1,0
BRDA:61,281,0,0
BRDA:61,281,1,0
BRDA:57,367,0,0
BRDA:69,403,0,0
BRDA:69,403,1,0
BRDA:50,187,1,0
BRDA:79,473,0,0
BRDA:79,473,1,0
BRDA:92,527,0,0
BRDA:92,527,1,0
FN:100,System.Void DuckDB.NET.Data.Connection.ConnectionManager::ReturnConnectionReference(DuckDB.NET.Data.Connection.ConnectionReference)
FNDA:0,System.Void DuckDB.NET.Data.Connection.ConnectionManager::ReturnConnectionReference(DuckDB.NET.Data.Connection.ConnectionReference)
DA:101,0
DA:103,0
DA:105,0
DA:107,0
DA:109,0
DA:111,0
DA:113,0
DA:116,0
DA:118,0
DA:119,0
DA:121,0
DA:123,0
DA:126,0
DA:127,0
BRDA:111,39,0,0
BRDA:111,39,1,0
BRDA:116,63,0,0
BRDA:118,72,0,0
BRDA:118,72,1,0
BRDA:121,100,0,0
BRDA:121,120,0,0
BRDA:116,63,1,0
BRDA:121,100,1,0
BRDA:121,120,1,0
FN:130,DuckDB.NET.Data.Connection.ConnectionReference DuckDB.NET.Data.Connection.ConnectionManager::DuplicateConnectionReference(DuckDB.NET.Data.Connection.ConnectionReference)
FNDA:0,DuckDB.NET.Data.Connection.ConnectionReference DuckDB.NET.Data.Connection.ConnectionManager::DuplicateConnectionReference(DuckDB.NET.Data.Connection.ConnectionReference)
DA:131,0
DA:133,0
DA:134,0
DA:136,0
DA:138,0
DA:139,0
DA:141,0
DA:145,0
DA:147,0
DA:149,0
BRDA:133,13,0,0
BRDA:133,13,1,0
BRDA:139,51,0,0
BRDA:139,51,1,0
FN:10,System.Void DuckDB.NET.Data.Connection.ConnectionManager::.cctor()
FNDA:0,System.Void DuckDB.NET.Data.Connection.ConnectionManager::.cctor()
DA:11,0
DA:13,0
LF:61
LH:0
BRF:38
BRH:0
FNF:4
FNH:0
end_of_record
SF:C:\Sources\github\DuckDB.NET\DuckDB.NET.Data\Connection\ConnectionReference.cs
FN:7,DuckDB.NET.Data.Connection.FileReference DuckDB.NET.Data.Connection.ConnectionReference::get_FileReferenceCounter()
FNDA:0,DuckDB.NET.Data.Connection.FileReference DuckDB.NET.Data.Connection.ConnectionReference::get_FileReferenceCounter()
DA:8,0
FN:8,DuckDB.NET.Native.DuckDBNativeConnection DuckDB.NET.Data.Connection.ConnectionReference::get_NativeConnection()
FNDA:0,DuckDB.NET.Native.DuckDBNativeConnection DuckDB.NET.Data.Connection.ConnectionReference::get_NativeConnection()
DA:9,0
FN:10,System.String DuckDB.NET.Data.Connection.ConnectionReference::ToString()
FNDA:0,System.String DuckDB.NET.Data.Connection.ConnectionReference::ToString()
DA:11,0
BRDA:11,7,0,0
BRDA:11,7,1,0
FN:5,System.Void DuckDB.NET.Data.Connection.ConnectionReference::.ctor(DuckDB.NET.Data.Connection.FileReference,DuckDB.NET.Native.DuckDBNativeConnection)
FNDA:0,System.Void DuckDB.NET.Data.Connection.ConnectionReference::.ctor(DuckDB.NET.Data.Connection.FileReference,DuckDB.NET.Native.DuckDBNativeConnection)
DA:6,0
LF:4
LH:0
BRF:2
BRH:0
FNF:4
FNH:0
end_of_record
SF:C:\Sources\github\DuckDB.NET\DuckDB.NET.Data\Connection\DuckDBConnectionString.cs
FN:4,System.String DuckDB.NET.Data.Connection.DuckDBConnectionString::get_DataSource()
FNDA:0,System.String DuckDB.NET.Data.Connection.DuckDBConnectionString::get_DataSource()
DA:5,0
FN:5,System.Boolean DuckDB.NET.Data.Connection.DuckDBConnectionString::get_InMemory()
FNDA:0,System.Boolean DuckDB.NET.Data.Connection.DuckDBConnectionString::get_InMemory()
DA:6,0
FN:6,System.Boolean DuckDB.NET.Data.Connection.DuckDBConnectionString::get_Shared()
FNDA:0,System.Boolean DuckDB.NET.Data.Connection.DuckDBConnectionString::get_Shared()
DA:7,0
FN:7,System.Collections.Generic.IReadOnlyDictionary`2<System.String,System.String> DuckDB.NET.Data.Connection.DuckDBConnectionString::get_Configuration()
FNDA:0,System.Collections.Generic.IReadOnlyDictionary`2<System.String,System.String> DuckDB.NET.Data.Connection.DuckDBConnectionString::get_Configuration()
DA:8,0
FN:2,System.Void DuckDB.NET.Data.Connection.DuckDBConnectionString::.ctor(System.String,System.Boolean,System.Boolean,System.Collections.Generic.IReadOnlyDictionary`2<System.String,System.String>)
FNDA:0,System.Void DuckDB.NET.Data.Connection.DuckDBConnectionString::.ctor(System.String,System.Boolean,System.Boolean,System.Collections.Generic.IReadOnlyDictionary`2<System.String,System.String>)
DA:3,0
LF:5
LH:0
BRF:0
BRH:0
FNF:5
FNH:0
end_of_record
SF:C:\Sources\github\DuckDB.NET\DuckDB.NET.Data\Connection\FileReference.cs
FN:9,DuckDB.NET.Native.DuckDBDatabase DuckDB.NET.Data.Connection.FileReference::get_Database()
FNDA:0,DuckDB.NET.Native.DuckDBDatabase DuckDB.NET.Data.Connection.FileReference::get_Database()
DA:10,0
FN:11,System.String DuckDB.NET.Data.Connection.FileReference::get_FileName()
FNDA:0,System.String DuckDB.NET.Data.Connection.FileReference::get_FileName()
DA:12,0
FN:13,System.Int64 DuckDB.NET.Data.Connection.FileReference::get_ConnectionCount()
FNDA:0,System.Int64 DuckDB.NET.Data.Connection.FileReference::get_ConnectionCount()
DA:14,0
FN:17,System.Int64 DuckDB.NET.Data.Connection.FileReference::Decrement()
FNDA:0,System.Int64 DuckDB.NET.Data.Connection.FileReference::Decrement()
DA:18,0
FN:22,System.Int64 DuckDB.NET.Data.Connection.FileReference::Increment()
FNDA:0,System.Int64 DuckDB.NET.Data.Connection.FileReference::Increment()
DA:23,0
FN:25,System.String DuckDB.NET.Data.Connection.FileReference::ToString()
FNDA:0,System.String DuckDB.NET.Data.Connection.FileReference::ToString()
DA:26,0
BRDA:26,12,0,0
BRDA:26,12,1,0
FN:7,System.Void DuckDB.NET.Data.Connection.FileReference::.ctor(System.String)
FNDA:0,System.Void DuckDB.NET.Data.Connection.FileReference::.ctor(System.String)
DA:8,0
LF:7
LH:0
BRF:2
BRH:0
FNF:7
FNH:0
end_of_record
SF:C:\Sources\github\DuckDB.NET\DuckDB.NET.Data\Connection\ScalarFunctionInfo.cs
FN:7,DuckDB.NET.Native.DuckDBLogicalType DuckDB.NET.Data.Connection.ScalarFunctionInfo::get_ReturnType()
FNDA:0,DuckDB.NET.Native.DuckDBLogicalType DuckDB.NET.Data.Connection.ScalarFunctionInfo::get_ReturnType()
DA:8,0
FN:8,System.Action`3<DuckDB.NET.Data.DataChunk.Reader.VectorDataReaderBase[],DuckDB.NET.Data.DataChunk.Writer.VectorDataWriterBase,System.UInt64> DuckDB.NET.Data.Connection.ScalarFunctionInfo::get_Action()
FNDA:0,System.Action`3<DuckDB.NET.Data.DataChunk.Reader.VectorDataReaderBase[],DuckDB.NET.Data.DataChunk.Writer.VectorDataWriterBase,System.UInt64> DuckDB.NET.Data.Connection.ScalarFunctionInfo::get_Action()
DA:9,0
FN:12,System.Void DuckDB.NET.Data.Connection.ScalarFunctionInfo::Dispose()
FNDA:0,System.Void DuckDB.NET.Data.Connection.ScalarFunctionInfo::Dispose()
DA:13,0
DA:14,0
FN:5,System.Void DuckDB.NET.Data.Connection.ScalarFunctionInfo::.ctor(DuckDB.NET.Native.DuckDBLogicalType,System.Action`3<DuckDB.NET.Data.DataChunk.Reader.VectorDataReaderBase[],DuckDB.NET.Data.DataChunk.Writer.VectorDataWriterBase,System.UInt64>)
FNDA:0,System.Void DuckDB.NET.Data.Connection.ScalarFunctionInfo::.ctor(DuckDB.NET.Native.DuckDBLogicalType,System.Action`3<DuckDB.NET.Data.DataChunk.Reader.VectorDataReaderBase[],DuckDB.NET.Data.DataChunk.Writer.VectorDataWriterBase,System.UInt64>)
DA:6,0
LF:5
LH:0
BRF:0
BRH:0
FNF:4
FNH:0
end_of_record
SF:C:\Sources\github\DuckDB.NET\DuckDB.NET.Data\Connection\TableFunctionInfo.cs
FN:6,System.Func`3<System.Collections.Generic.IReadOnlyList`1<DuckDB.NET.Native.IDuckDBValueReader>,System.Collections.Generic.IReadOnlyDictionary`2<System.String,DuckDB.NET.Native.IDuckDBValueReader>,DuckDB.NET.Data.TableFunction> DuckDB.NET.Data.Connection.TableFunctionInfo::get_Bind()
FNDA:0,System.Func`3<System.Collections.Generic.IReadOnlyList`1<DuckDB.NET.Native.IDuckDBValueReader>,System.Collections.Generic.IReadOnlyDictionary`2<System.String,DuckDB.NET.Native.IDuckDBValueReader>,DuckDB.NET.Data.TableFunction> DuckDB.NET.Data.Connection.TableFunctionInfo::get_Bind()
DA:7,0
FN:7,System.Action`3<System.Object,DuckDB.NET.Data.DataChunk.Writer.IDuckDBDataWriter[],System.UInt64> DuckDB.NET.Data.Connection.TableFunctionInfo::get_Mapper()
FNDA:0,System.Action`3<System.Object,DuckDB.NET.Data.DataChunk.Writer.IDuckDBDataWriter[],System.UInt64> DuckDB.NET.Data.Connection.TableFunctionInfo::get_Mapper()
DA:8,0
FN:8,System.String[] DuckDB.NET.Data.Connection.TableFunctionInfo::get_NamedParameterNames()
FNDA:0,System.String[] DuckDB.NET.Data.Connection.TableFunctionInfo::get_NamedParameterNames()
DA:9,0
FN:4,System.Void DuckDB.NET.Data.Connection.TableFunctionInfo::.ctor(System.Func`3<System.Collections.Generic.IReadOnlyList`1<DuckDB.NET.Native.IDuckDBValueReader>,System.Collections.Generic.IReadOnlyDictionary`2<System.String,DuckDB.NET.Native.IDuckDBValueReader>,DuckDB.NET.Data.TableFunction>,System.Action`3<System.Object,DuckDB.NET.Data.DataChunk.Writer.IDuckDBDataWriter[],System.UInt64>,System.String[])
FNDA:0,System.Void DuckDB.NET.Data.Connection.TableFunctionInfo::.ctor(System.Func`3<System.Collections.Generic.IReadOnlyList`1<DuckDB.NET.Native.IDuckDBValueReader>,System.Collections.Generic.IReadOnlyDictionary`2<System.String,DuckDB.NET.Native.IDuckDBValueReader>,DuckDB.NET.Data.TableFunction>,System.Action`3<System.Object,DuckDB.NET.Data.DataChunk.Writer.IDuckDBDataWriter[],System.UInt64>,System.String[])
DA:5,0
FN:11,System.String DuckDB.NET.Data.Connection.NamedParameterDefinition::get_Name()
FNDA:0,System.String DuckDB.NET.Data.Connection.NamedParameterDefinition::get_Name()
DA:12,0
FN:15,System.Collections.Generic.IReadOnlyList`1<DuckDB.NET.Data.ColumnInfo> DuckDB.NET.Data.Connection.TableFunctionBindData::get_Columns()
FNDA:0,System.Collections.Generic.IReadOnlyList`1<DuckDB.NET.Data.ColumnInfo> DuckDB.NET.Data.Connection.TableFunctionBindData::get_Columns()
DA:16,0
FN:16,System.Collections.IEnumerator DuckDB.NET.Data.Connection.TableFunctionBindData::get_DataEnumerator()
FNDA:0,System.Collections.IEnumerator DuckDB.NET.Data.Connection.TableFunctionBindData::get_DataEnumerator()
DA:17,0
FN:17,System.Func`2<System.Collections.Generic.IReadOnlyList`1<DuckDB.NET.Data.ProjectedColumn>,System.Collections.IEnumerable> DuckDB.NET.Data.Connection.TableFunctionBindData::get_DataFactory()
FNDA:0,System.Func`2<System.Collections.Generic.IReadOnlyList`1<DuckDB.NET.Data.ProjectedColumn>,System.Collections.IEnumerable> DuckDB.NET.Data.Connection.TableFunctionBindData::get_DataFactory()
DA:18,0
FN:18,System.UInt64 DuckDB.NET.Data.Connection.TableFunctionBindData::get_ConnectionId()
FNDA:0,System.UInt64 DuckDB.NET.Data.Connection.TableFunctionBindData::get_ConnectionId()
DA:19,0
FN:22,System.Void DuckDB.NET.Data.Connection.TableFunctionBindData::Dispose()
FNDA:0,System.Void DuckDB.NET.Data.Connection.TableFunctionBindData::Dispose()
DA:23,0
DA:24,0
BRDA:23,12,0,0
BRDA:23,12,1,0
FN:13,System.Void DuckDB.NET.Data.Connection.TableFunctionBindData::.ctor(System.Collections.Generic.IReadOnlyList`1<DuckDB.NET.Data.ColumnInfo>,System.Collections.IEnumerator,System.Func`2<System.Collections.Generic.IReadOnlyList`1<DuckDB.NET.Data.ProjectedColumn>,System.Collections.IEnumerable>,System.UInt64)
FNDA:0,System.Void DuckDB.NET.Data.Connection.TableFunctionBindData::.ctor(System.Collections.Generic.IReadOnlyList`1<DuckDB.NET.Data.ColumnInfo>,System.Collections.IEnumerator,System.Func`2<System.Collections.Generic.IReadOnlyList`1<DuckDB.NET.Data.ProjectedColumn>,System.Collections.IEnumerable>,System.UInt64)
DA:14,0
FN:28,System.Int32[] DuckDB.NET.Data.Connection.TableFunctionInitData::get_Projected()
FNDA:0,System.Int32[] DuckDB.NET.Data.Connection.TableFunctionInitData::get_Projected()
DA:29,0
FN:29,System.Collections.IEnumerator DuckDB.NET.Data.Connection.TableFunctionInitData::get_FactoryEnumerator()
FNDA:0,System.Collections.IEnumerator DuckDB.NET.Data.Connection.TableFunctionInitData::get_FactoryEnumerator()
DA:30,0
FN:33,System.Void DuckDB.NET.Data.Connection.TableFunctionInitData::Dispose()
FNDA:0,System.Void DuckDB.NET.Data.Connection.TableFunctionInitData::Dispose()
DA:34,0
DA:35,0
BRDA:34,12,0,0
BRDA:34,12,1,0
FN:26,System.Void DuckDB.NET.Data.Connection.TableFunctionInitData::.ctor(System.Int32[],System.Collections.IEnumerator)
FNDA:0,System.Void DuckDB.NET.Data.Connection.TableFunctionInitData::.ctor(System.Int32[],System.Collections.IEnumerator)
DA:27,0
LF:17
LH:0
BRF:4
BRH:0
FNF:15
FNH:0
end_of_record
SF:C:\Sources\github\DuckDB.NET\DuckDB.NET.Data\Connection\UdfExceptionStore.cs
FN:8,System.Void DuckDB.NET.Data.Connection.UdfExceptionStore::Store(System.UInt64,System.Exception)
FNDA:0,System.Void DuckDB.NET.Data.Connection.UdfExceptionStore::Store(System.UInt64,System.Exception)
DA:9,0
FN:12,System.Exception DuckDB.NET.Data.Connection.UdfExceptionStore::Retrieve(DuckDB.NET.Native.DuckDBNativeConnection)
FNDA:0,System.Exception DuckDB.NET.Data.Connection.UdfExceptionStore::Retrieve(DuckDB.NET.Native.DuckDBNativeConnection)
DA:13,0
DA:14,0
DA:15,0
FN:19,System.UInt64 DuckDB.NET.Data.Connection.UdfExceptionStore::GetConnectionId(DuckDB.NET.Native.DuckDBNativeConnection)
FNDA:0,System.UInt64 DuckDB.NET.Data.Connection.UdfExceptionStore::GetConnectionId(DuckDB.NET.Native.DuckDBNativeConnection)
DA:20,0
DA:21,0
DA:23,0
DA:25,0
FN:28,System.UInt64 DuckDB.NET.Data.Connection.UdfExceptionStore::GetTableFunctionBindConnectionId(System.IntPtr)
FNDA:0,System.UInt64 DuckDB.NET.Data.Connection.UdfExceptionStore::GetTableFunctionBindConnectionId(System.IntPtr)
DA:29,0
DA:30,0
DA:32,0
DA:34,0
FN:37,System.UInt64 DuckDB.NET.Data.Connection.UdfExceptionStore::GetScalarFunctionBindConnectionId(System.IntPtr)
FNDA:0,System.UInt64 DuckDB.NET.Data.Connection.UdfExceptionStore::GetScalarFunctionBindConnectionId(System.IntPtr)
DA:38,0
DA:39,0
DA:41,0
DA:43,0
FN:6,System.Void DuckDB.NET.Data.Connection.UdfExceptionStore::.cctor()
FNDA:0,System.Void DuckDB.NET.Data.Connection.UdfExceptionStore::.cctor()
DA:7,0
LF:17
LH:0
BRF:0
BRH:0
FNF:6
FNH:0
end_of_record
SF:C:\Sources\github\DuckDB.NET\DuckDB.NET.Data\Common\DuckDBGlobalData.cs
FN:4,System.UInt64 DuckDB.NET.Data.Common.DuckDBGlobalData::get_VectorSize()
FNDA:0,System.UInt64 DuckDB.NET.Data.Common.DuckDBGlobalData::get_VectorSize()
DA:5,0
LF:1
LH:0
BRF:0
BRH:0
FNF:1
FNH:0
end_of_record
SF:C:\Sources\github\DuckDB.NET\DuckDB.NET.Data\Common\TypeDetails.cs
FN:4,System.Collections.Generic.Dictionary`2<System.String,DuckDB.NET.Data.Common.PropertyDetails> DuckDB.NET.Data.Common.TypeDetails::get_Properties()
FNDA:0,System.Collections.Generic.Dictionary`2<System.String,DuckDB.NET.Data.Common.PropertyDetails> DuckDB.NET.Data.Common.TypeDetails::get_Properties()
DA:5,0
FN:7,System.Type DuckDB.NET.Data.Common.PropertyDetails::get_PropertyType()
FNDA:0,System.Type DuckDB.NET.Data.Common.PropertyDetails::get_PropertyType()
DA:8,0
LF:2
LH:0
BRF:0
BRH:0
FNF:2
FNH:0
end_of_record